Determining if the pthread_create exist failed with the following output:
Change Dir: /home/sebas/Documents/UCR/Estructuras/NAO/Proyecto/tests/new/build-ff/CMakeFiles/CMakeTmp

Run Build Command:/usr/bin/make "cmTryCompileExec1032042254/fast"
/usr/bin/make -f CMakeFiles/cmTryCompileExec1032042254.dir/build.make CMakeFiles/cmTryCompileExec1032042254.dir/build
make[1]: Entering directory `/home/sebas/Documents/UCR/Estructuras/NAO/Proyecto/tests/new/build-ff/CMakeFiles/CMakeTmp'
/usr/bin/cmake -E cmake_progress_report /home/sebas/Documents/UCR/Estructuras/NAO/Proyecto/tests/new/build-ff/CMakeFiles/CMakeTmp/CMakeFiles 1
Building C object CMakeFiles/cmTryCompileExec1032042254.dir/CheckSymbolExists.c.o
/usr/bin/cc    -o CMakeFiles/cmTryCompileExec1032042254.dir/CheckSymbolExists.c.o   -c /home/sebas/Documents/UCR/Estructuras/NAO/Proyecto/tests/new/build-ff/CMakeFiles/CMakeTmp/CheckSymbolExists.c
Linking C executable cmTryCompileExec1032042254
/usr/bin/cmake -E cmake_link_script CMakeFiles/cmTryCompileExec1032042254.dir/link.txt --verbose=1
/usr/bin/cc       CMakeFiles/cmTryCompileExec1032042254.dir/CheckSymbolExists.c.o  -o cmTryCompileExec1032042254 -rdynamic 
CMakeFiles/cmTryCompileExec1032042254.dir/CheckSymbolExists.c.o: In function `main':
CheckSymbolExists.c:(.text+0x16): undefined reference to `pthread_create'
collect2: error: ld returned 1 exit status
make[1]: *** [cmTryCompileExec1032042254] Error 1
make[1]: Leaving directory `/home/sebas/Documents/UCR/Estructuras/NAO/Proyecto/tests/new/build-ff/CMakeFiles/CMakeTmp'
make: *** [cmTryCompileExec1032042254/fast] Error 2

File /home/sebas/Documents/UCR/Estructuras/NAO/Proyecto/tests/new/build-ff/CMakeFiles/CMakeTmp/CheckSymbolExists.c:
/* */
#include <pthread.h>

int main(int argc, char** argv)
{
  (void)argv;
#ifndef pthread_create
  return ((int*)(&pthread_create))[argc];
#else
  (void)argc;
  return 0;
#endif
}

Determining if the function pthread_create exists in the pthreads failed with the following output:
Change Dir: /home/sebas/Documents/UCR/Estructuras/NAO/Proyecto/tests/new/build-ff/CMakeFiles/CMakeTmp

Run Build Command:/usr/bin/make "cmTryCompileExec3897939842/fast"
/usr/bin/make -f CMakeFiles/cmTryCompileExec3897939842.dir/build.make CMakeFiles/cmTryCompileExec3897939842.dir/build
make[1]: Entering directory `/home/sebas/Documents/UCR/Estructuras/NAO/Proyecto/tests/new/build-ff/CMakeFiles/CMakeTmp'
/usr/bin/cmake -E cmake_progress_report /home/sebas/Documents/UCR/Estructuras/NAO/Proyecto/tests/new/build-ff/CMakeFiles/CMakeTmp/CMakeFiles 1
Building C object CMakeFiles/cmTryCompileExec3897939842.dir/CheckFunctionExists.c.o
/usr/bin/cc   -DCHECK_FUNCTION_EXISTS=pthread_create   -o CMakeFiles/cmTryCompileExec3897939842.dir/CheckFunctionExists.c.o   -c /usr/share/cmake-2.8/Modules/CheckFunctionExists.c
Linking C executable cmTryCompileExec3897939842
/usr/bin/cmake -E cmake_link_script CMakeFiles/cmTryCompileExec3897939842.dir/link.txt --verbose=1
/usr/bin/cc   -DCHECK_FUNCTION_EXISTS=pthread_create    CMakeFiles/cmTryCompileExec3897939842.dir/CheckFunctionExists.c.o  -o cmTryCompileExec3897939842 -rdynamic -lpthreads 
/usr/bin/ld: cannot find -lpthreads
collect2: error: ld returned 1 exit status
make[1]: *** [cmTryCompileExec3897939842] Error 1
make[1]: Leaving directory `/home/sebas/Documents/UCR/Estructuras/NAO/Proyecto/tests/new/build-ff/CMakeFiles/CMakeTmp'
make: *** [cmTryCompileExec3897939842/fast] Error 2


Determining if the pthread_create exist failed with the following output:
Change Dir: /home/sebas/Documents/UCR/Estructuras/NAO/Proyecto/tests/new/build-ff/CMakeFiles/CMakeTmp

Run Build Command:/usr/bin/make "cmTryCompileExec4133630017/fast"
/usr/bin/make -f CMakeFiles/cmTryCompileExec4133630017.dir/build.make CMakeFiles/cmTryCompileExec4133630017.dir/build
make[1]: Entering directory `/home/sebas/Documents/UCR/Estructuras/NAO/Proyecto/tests/new/build-ff/CMakeFiles/CMakeTmp'
/usr/bin/cmake -E cmake_progress_report /home/sebas/Documents/UCR/Estructuras/NAO/Proyecto/tests/new/build-ff/CMakeFiles/CMakeTmp/CMakeFiles 1
Building C object CMakeFiles/cmTryCompileExec4133630017.dir/CheckSymbolExists.c.o
/usr/bin/cc    -o CMakeFiles/cmTryCompileExec4133630017.dir/CheckSymbolExists.c.o   -c /home/sebas/Documents/UCR/Estructuras/NAO/Proyecto/tests/new/build-ff/CMakeFiles/CMakeTmp/CheckSymbolExists.c
Linking C executable cmTryCompileExec4133630017
/usr/bin/cmake -E cmake_link_script CMakeFiles/cmTryCompileExec4133630017.dir/link.txt --verbose=1
/usr/bin/cc       CMakeFiles/cmTryCompileExec4133630017.dir/CheckSymbolExists.c.o  -o cmTryCompileExec4133630017 -rdynamic 
CMakeFiles/cmTryCompileExec4133630017.dir/CheckSymbolExists.c.o: In function `main':
CheckSymbolExists.c:(.text+0x16): undefined reference to `pthread_create'
collect2: error: ld returned 1 exit status
make[1]: *** [cmTryCompileExec4133630017] Error 1
make[1]: Leaving directory `/home/sebas/Documents/UCR/Estructuras/NAO/Proyecto/tests/new/build-ff/CMakeFiles/CMakeTmp'
make: *** [cmTryCompileExec4133630017/fast] Error 2

File /home/sebas/Documents/UCR/Estructuras/NAO/Proyecto/tests/new/build-ff/CMakeFiles/CMakeTmp/CheckSymbolExists.c:
/* */
#include <pthread.h>

int main(int argc, char** argv)
{
  (void)argv;
#ifndef pthread_create
  return ((int*)(&pthread_create))[argc];
#else
  (void)argc;
  return 0;
#endif
}

Determining if the function pthread_create exists in the pthreads failed with the following output:
Change Dir: /home/sebas/Documents/UCR/Estructuras/NAO/Proyecto/tests/new/build-ff/CMakeFiles/CMakeTmp

Run Build Command:/usr/bin/make "cmTryCompileExec2428531581/fast"
/usr/bin/make -f CMakeFiles/cmTryCompileExec2428531581.dir/build.make CMakeFiles/cmTryCompileExec2428531581.dir/build
make[1]: Entering directory `/home/sebas/Documents/UCR/Estructuras/NAO/Proyecto/tests/new/build-ff/CMakeFiles/CMakeTmp'
/usr/bin/cmake -E cmake_progress_report /home/sebas/Documents/UCR/Estructuras/NAO/Proyecto/tests/new/build-ff/CMakeFiles/CMakeTmp/CMakeFiles 1
Building C object CMakeFiles/cmTryCompileExec2428531581.dir/CheckFunctionExists.c.o
/usr/bin/cc   -DCHECK_FUNCTION_EXISTS=pthread_create   -o CMakeFiles/cmTryCompileExec2428531581.dir/CheckFunctionExists.c.o   -c /usr/share/cmake-2.8/Modules/CheckFunctionExists.c
Linking C executable cmTryCompileExec2428531581
/usr/bin/cmake -E cmake_link_script CMakeFiles/cmTryCompileExec2428531581.dir/link.txt --verbose=1
/usr/bin/cc   -DCHECK_FUNCTION_EXISTS=pthread_create    CMakeFiles/cmTryCompileExec2428531581.dir/CheckFunctionExists.c.o  -o cmTryCompileExec2428531581 -rdynamic -lpthreads 
/usr/bin/ld: cannot find -lpthreads
collect2: error: ld returned 1 exit status
make[1]: *** [cmTryCompileExec2428531581] Error 1
make[1]: Leaving directory `/home/sebas/Documents/UCR/Estructuras/NAO/Proyecto/tests/new/build-ff/CMakeFiles/CMakeTmp'
make: *** [cmTryCompileExec2428531581/fast] Error 2


Determining if the pthread_create exist failed with the following output:
Change Dir: /home/sebas/Documents/UCR/Estructuras/NAO/Proyecto/tests/new/build-ff/CMakeFiles/CMakeTmp

Run Build Command:/usr/bin/make "cmTryCompileExec801096835/fast"
/usr/bin/make -f CMakeFiles/cmTryCompileExec801096835.dir/build.make CMakeFiles/cmTryCompileExec801096835.dir/build
make[1]: Entering directory `/home/sebas/Documents/UCR/Estructuras/NAO/Proyecto/tests/new/build-ff/CMakeFiles/CMakeTmp'
/usr/bin/cmake -E cmake_progress_report /home/sebas/Documents/UCR/Estructuras/NAO/Proyecto/tests/new/build-ff/CMakeFiles/CMakeTmp/CMakeFiles 1
Building C object CMakeFiles/cmTryCompileExec801096835.dir/CheckSymbolExists.c.o
/usr/bin/cc    -o CMakeFiles/cmTryCompileExec801096835.dir/CheckSymbolExists.c.o   -c /home/sebas/Documents/UCR/Estructuras/NAO/Proyecto/tests/new/build-ff/CMakeFiles/CMakeTmp/CheckSymbolExists.c
Linking C executable cmTryCompileExec801096835
/usr/bin/cmake -E cmake_link_script CMakeFiles/cmTryCompileExec801096835.dir/link.txt --verbose=1
/usr/bin/cc       CMakeFiles/cmTryCompileExec801096835.dir/CheckSymbolExists.c.o  -o cmTryCompileExec801096835 -rdynamic 
CMakeFiles/cmTryCompileExec801096835.dir/CheckSymbolExists.c.o: In function `main':
CheckSymbolExists.c:(.text+0x16): undefined reference to `pthread_create'
collect2: error: ld returned 1 exit status
make[1]: *** [cmTryCompileExec801096835] Error 1
make[1]: Leaving directory `/home/sebas/Documents/UCR/Estructuras/NAO/Proyecto/tests/new/build-ff/CMakeFiles/CMakeTmp'
make: *** [cmTryCompileExec801096835/fast] Error 2

File /home/sebas/Documents/UCR/Estructuras/NAO/Proyecto/tests/new/build-ff/CMakeFiles/CMakeTmp/CheckSymbolExists.c:
/* */
#include <pthread.h>

int main(int argc, char** argv)
{
  (void)argv;
#ifndef pthread_create
  return ((int*)(&pthread_create))[argc];
#else
  (void)argc;
  return 0;
#endif
}

Determining if the function pthread_create exists in the pthreads failed with the following output:
Change Dir: /home/sebas/Documents/UCR/Estructuras/NAO/Proyecto/tests/new/build-ff/CMakeFiles/CMakeTmp

Run Build Command:/usr/bin/make "cmTryCompileExec2018794706/fast"
/usr/bin/make -f CMakeFiles/cmTryCompileExec2018794706.dir/build.make CMakeFiles/cmTryCompileExec2018794706.dir/build
make[1]: Entering directory `/home/sebas/Documents/UCR/Estructuras/NAO/Proyecto/tests/new/build-ff/CMakeFiles/CMakeTmp'
/usr/bin/cmake -E cmake_progress_report /home/sebas/Documents/UCR/Estructuras/NAO/Proyecto/tests/new/build-ff/CMakeFiles/CMakeTmp/CMakeFiles 1
Building C object CMakeFiles/cmTryCompileExec2018794706.dir/CheckFunctionExists.c.o
/usr/bin/cc   -DCHECK_FUNCTION_EXISTS=pthread_create   -o CMakeFiles/cmTryCompileExec2018794706.dir/CheckFunctionExists.c.o   -c /usr/share/cmake-2.8/Modules/CheckFunctionExists.c
Linking C executable cmTryCompileExec2018794706
/usr/bin/cmake -E cmake_link_script CMakeFiles/cmTryCompileExec2018794706.dir/link.txt --verbose=1
/usr/bin/cc   -DCHECK_FUNCTION_EXISTS=pthread_create    CMakeFiles/cmTryCompileExec2018794706.dir/CheckFunctionExists.c.o  -o cmTryCompileExec2018794706 -rdynamic -lpthreads 
/usr/bin/ld: cannot find -lpthreads
collect2: error: ld returned 1 exit status
make[1]: *** [cmTryCompileExec2018794706] Error 1
make[1]: Leaving directory `/home/sebas/Documents/UCR/Estructuras/NAO/Proyecto/tests/new/build-ff/CMakeFiles/CMakeTmp'
make: *** [cmTryCompileExec2018794706/fast] Error 2


Determining if the pthread_create exist failed with the following output:
Change Dir: /home/sebas/Documents/UCR/Estructuras/NAO/Proyecto/tests/new/build-ff/CMakeFiles/CMakeTmp

Run Build Command:/usr/bin/make "cmTryCompileExec2601149853/fast"
/usr/bin/make -f CMakeFiles/cmTryCompileExec2601149853.dir/build.make CMakeFiles/cmTryCompileExec2601149853.dir/build
make[1]: Entering directory `/home/sebas/Documents/UCR/Estructuras/NAO/Proyecto/tests/new/build-ff/CMakeFiles/CMakeTmp'
/usr/bin/cmake -E cmake_progress_report /home/sebas/Documents/UCR/Estructuras/NAO/Proyecto/tests/new/build-ff/CMakeFiles/CMakeTmp/CMakeFiles 1
Building C object CMakeFiles/cmTryCompileExec2601149853.dir/CheckSymbolExists.c.o
/usr/bin/cc    -o CMakeFiles/cmTryCompileExec2601149853.dir/CheckSymbolExists.c.o   -c /home/sebas/Documents/UCR/Estructuras/NAO/Proyecto/tests/new/build-ff/CMakeFiles/CMakeTmp/CheckSymbolExists.c
Linking C executable cmTryCompileExec2601149853
/usr/bin/cmake -E cmake_link_script CMakeFiles/cmTryCompileExec2601149853.dir/link.txt --verbose=1
/usr/bin/cc       CMakeFiles/cmTryCompileExec2601149853.dir/CheckSymbolExists.c.o  -o cmTryCompileExec2601149853 -rdynamic 
CMakeFiles/cmTryCompileExec2601149853.dir/CheckSymbolExists.c.o: In function `main':
CheckSymbolExists.c:(.text+0x16): undefined reference to `pthread_create'
collect2: error: ld returned 1 exit status
make[1]: *** [cmTryCompileExec2601149853] Error 1
make[1]: Leaving directory `/home/sebas/Documents/UCR/Estructuras/NAO/Proyecto/tests/new/build-ff/CMakeFiles/CMakeTmp'
make: *** [cmTryCompileExec2601149853/fast] Error 2

File /home/sebas/Documents/UCR/Estructuras/NAO/Proyecto/tests/new/build-ff/CMakeFiles/CMakeTmp/CheckSymbolExists.c:
/* */
#include <pthread.h>

int main(int argc, char** argv)
{
  (void)argv;
#ifndef pthread_create
  return ((int*)(&pthread_create))[argc];
#else
  (void)argc;
  return 0;
#endif
}

Determining if the function pthread_create exists in the pthreads failed with the following output:
Change Dir: /home/sebas/Documents/UCR/Estructuras/NAO/Proyecto/tests/new/build-ff/CMakeFiles/CMakeTmp

Run Build Command:/usr/bin/make "cmTryCompileExec3093431803/fast"
/usr/bin/make -f CMakeFiles/cmTryCompileExec3093431803.dir/build.make CMakeFiles/cmTryCompileExec3093431803.dir/build
make[1]: Entering directory `/home/sebas/Documents/UCR/Estructuras/NAO/Proyecto/tests/new/build-ff/CMakeFiles/CMakeTmp'
/usr/bin/cmake -E cmake_progress_report /home/sebas/Documents/UCR/Estructuras/NAO/Proyecto/tests/new/build-ff/CMakeFiles/CMakeTmp/CMakeFiles 1
Building C object CMakeFiles/cmTryCompileExec3093431803.dir/CheckFunctionExists.c.o
/usr/bin/cc   -DCHECK_FUNCTION_EXISTS=pthread_create   -o CMakeFiles/cmTryCompileExec3093431803.dir/CheckFunctionExists.c.o   -c /usr/share/cmake-2.8/Modules/CheckFunctionExists.c
Linking C executable cmTryCompileExec3093431803
/usr/bin/cmake -E cmake_link_script CMakeFiles/cmTryCompileExec3093431803.dir/link.txt --verbose=1
/usr/bin/cc   -DCHECK_FUNCTION_EXISTS=pthread_create    CMakeFiles/cmTryCompileExec3093431803.dir/CheckFunctionExists.c.o  -o cmTryCompileExec3093431803 -rdynamic -lpthreads 
/usr/bin/ld: cannot find -lpthreads
collect2: error: ld returned 1 exit status
make[1]: *** [cmTryCompileExec3093431803] Error 1
make[1]: Leaving directory `/home/sebas/Documents/UCR/Estructuras/NAO/Proyecto/tests/new/build-ff/CMakeFiles/CMakeTmp'
make: *** [cmTryCompileExec3093431803/fast] Error 2


Determining if the pthread_create exist failed with the following output:
Change Dir: /home/sebas/Documents/UCR/Estructuras/NAO/Proyecto/tests/new/build-ff/CMakeFiles/CMakeTmp

Run Build Command:/usr/bin/make "cmTryCompileExec2050415616/fast"
/usr/bin/make -f CMakeFiles/cmTryCompileExec2050415616.dir/build.make CMakeFiles/cmTryCompileExec2050415616.dir/build
make[1]: Entering directory `/home/sebas/Documents/UCR/Estructuras/NAO/Proyecto/tests/new/build-ff/CMakeFiles/CMakeTmp'
/usr/bin/cmake -E cmake_progress_report /home/sebas/Documents/UCR/Estructuras/NAO/Proyecto/tests/new/build-ff/CMakeFiles/CMakeTmp/CMakeFiles 1
Building C object CMakeFiles/cmTryCompileExec2050415616.dir/CheckSymbolExists.c.o
/usr/bin/cc    -o CMakeFiles/cmTryCompileExec2050415616.dir/CheckSymbolExists.c.o   -c /home/sebas/Documents/UCR/Estructuras/NAO/Proyecto/tests/new/build-ff/CMakeFiles/CMakeTmp/CheckSymbolExists.c
Linking C executable cmTryCompileExec2050415616
/usr/bin/cmake -E cmake_link_script CMakeFiles/cmTryCompileExec2050415616.dir/link.txt --verbose=1
/usr/bin/cc       CMakeFiles/cmTryCompileExec2050415616.dir/CheckSymbolExists.c.o  -o cmTryCompileExec2050415616 -rdynamic 
CMakeFiles/cmTryCompileExec2050415616.dir/CheckSymbolExists.c.o: In function `main':
CheckSymbolExists.c:(.text+0x16): undefined reference to `pthread_create'
collect2: error: ld returned 1 exit status
make[1]: *** [cmTryCompileExec2050415616] Error 1
make[1]: Leaving directory `/home/sebas/Documents/UCR/Estructuras/NAO/Proyecto/tests/new/build-ff/CMakeFiles/CMakeTmp'
make: *** [cmTryCompileExec2050415616/fast] Error 2

File /home/sebas/Documents/UCR/Estructuras/NAO/Proyecto/tests/new/build-ff/CMakeFiles/CMakeTmp/CheckSymbolExists.c:
/* */
#include <pthread.h>

int main(int argc, char** argv)
{
  (void)argv;
#ifndef pthread_create
  return ((int*)(&pthread_create))[argc];
#else
  (void)argc;
  return 0;
#endif
}

Determining if the function pthread_create exists in the pthreads failed with the following output:
Change Dir: /home/sebas/Documents/UCR/Estructuras/NAO/Proyecto/tests/new/build-ff/CMakeFiles/CMakeTmp

Run Build Command:/usr/bin/make "cmTryCompileExec1126224518/fast"
/usr/bin/make -f CMakeFiles/cmTryCompileExec1126224518.dir/build.make CMakeFiles/cmTryCompileExec1126224518.dir/build
make[1]: Entering directory `/home/sebas/Documents/UCR/Estructuras/NAO/Proyecto/tests/new/build-ff/CMakeFiles/CMakeTmp'
/usr/bin/cmake -E cmake_progress_report /home/sebas/Documents/UCR/Estructuras/NAO/Proyecto/tests/new/build-ff/CMakeFiles/CMakeTmp/CMakeFiles 1
Building C object CMakeFiles/cmTryCompileExec1126224518.dir/CheckFunctionExists.c.o
/usr/bin/cc   -DCHECK_FUNCTION_EXISTS=pthread_create   -o CMakeFiles/cmTryCompileExec1126224518.dir/CheckFunctionExists.c.o   -c /usr/share/cmake-2.8/Modules/CheckFunctionExists.c
Linking C executable cmTryCompileExec1126224518
/usr/bin/cmake -E cmake_link_script CMakeFiles/cmTryCompileExec1126224518.dir/link.txt --verbose=1
/usr/bin/cc   -DCHECK_FUNCTION_EXISTS=pthread_create    CMakeFiles/cmTryCompileExec1126224518.dir/CheckFunctionExists.c.o  -o cmTryCompileExec1126224518 -rdynamic -lpthreads 
/usr/bin/ld: cannot find -lpthreads
collect2: error: ld returned 1 exit status
make[1]: *** [cmTryCompileExec1126224518] Error 1
make[1]: Leaving directory `/home/sebas/Documents/UCR/Estructuras/NAO/Proyecto/tests/new/build-ff/CMakeFiles/CMakeTmp'
make: *** [cmTryCompileExec1126224518/fast] Error 2


Determining if the pthread_create exist failed with the following output:
Change Dir: /home/sebas/Documents/UCR/Estructuras/NAO/Proyecto/tests/new/build-ff/CMakeFiles/CMakeTmp

Run Build Command:/usr/bin/make "cmTryCompileExec3282773998/fast"
/usr/bin/make -f CMakeFiles/cmTryCompileExec3282773998.dir/build.make CMakeFiles/cmTryCompileExec3282773998.dir/build
make[1]: Entering directory `/home/sebas/Documents/UCR/Estructuras/NAO/Proyecto/tests/new/build-ff/CMakeFiles/CMakeTmp'
/usr/bin/cmake -E cmake_progress_report /home/sebas/Documents/UCR/Estructuras/NAO/Proyecto/tests/new/build-ff/CMakeFiles/CMakeTmp/CMakeFiles 1
Building C object CMakeFiles/cmTryCompileExec3282773998.dir/CheckSymbolExists.c.o
/usr/bin/cc    -o CMakeFiles/cmTryCompileExec3282773998.dir/CheckSymbolExists.c.o   -c /home/sebas/Documents/UCR/Estructuras/NAO/Proyecto/tests/new/build-ff/CMakeFiles/CMakeTmp/CheckSymbolExists.c
Linking C executable cmTryCompileExec3282773998
/usr/bin/cmake -E cmake_link_script CMakeFiles/cmTryCompileExec3282773998.dir/link.txt --verbose=1
/usr/bin/cc       CMakeFiles/cmTryCompileExec3282773998.dir/CheckSymbolExists.c.o  -o cmTryCompileExec3282773998 -rdynamic 
CMakeFiles/cmTryCompileExec3282773998.dir/CheckSymbolExists.c.o: In function `main':
CheckSymbolExists.c:(.text+0x16): undefined reference to `pthread_create'
collect2: error: ld returned 1 exit status
make[1]: *** [cmTryCompileExec3282773998] Error 1
make[1]: Leaving directory `/home/sebas/Documents/UCR/Estructuras/NAO/Proyecto/tests/new/build-ff/CMakeFiles/CMakeTmp'
make: *** [cmTryCompileExec3282773998/fast] Error 2

File /home/sebas/Documents/UCR/Estructuras/NAO/Proyecto/tests/new/build-ff/CMakeFiles/CMakeTmp/CheckSymbolExists.c:
/* */
#include <pthread.h>

int main(int argc, char** argv)
{
  (void)argv;
#ifndef pthread_create
  return ((int*)(&pthread_create))[argc];
#else
  (void)argc;
  return 0;
#endif
}

Determining if the function pthread_create exists in the pthreads failed with the following output:
Change Dir: /home/sebas/Documents/UCR/Estructuras/NAO/Proyecto/tests/new/build-ff/CMakeFiles/CMakeTmp

Run Build Command:/usr/bin/make "cmTryCompileExec288389502/fast"
/usr/bin/make -f CMakeFiles/cmTryCompileExec288389502.dir/build.make CMakeFiles/cmTryCompileExec288389502.dir/build
make[1]: Entering directory `/home/sebas/Documents/UCR/Estructuras/NAO/Proyecto/tests/new/build-ff/CMakeFiles/CMakeTmp'
/usr/bin/cmake -E cmake_progress_report /home/sebas/Documents/UCR/Estructuras/NAO/Proyecto/tests/new/build-ff/CMakeFiles/CMakeTmp/CMakeFiles 1
Building C object CMakeFiles/cmTryCompileExec288389502.dir/CheckFunctionExists.c.o
/usr/bin/cc   -DCHECK_FUNCTION_EXISTS=pthread_create   -o CMakeFiles/cmTryCompileExec288389502.dir/CheckFunctionExists.c.o   -c /usr/share/cmake-2.8/Modules/CheckFunctionExists.c
Linking C executable cmTryCompileExec288389502
/usr/bin/cmake -E cmake_link_script CMakeFiles/cmTryCompileExec288389502.dir/link.txt --verbose=1
/usr/bin/cc   -DCHECK_FUNCTION_EXISTS=pthread_create    CMakeFiles/cmTryCompileExec288389502.dir/CheckFunctionExists.c.o  -o cmTryCompileExec288389502 -rdynamic -lpthreads 
/usr/bin/ld: cannot find -lpthreads
collect2: error: ld returned 1 exit status
make[1]: *** [cmTryCompileExec288389502] Error 1
make[1]: Leaving directory `/home/sebas/Documents/UCR/Estructuras/NAO/Proyecto/tests/new/build-ff/CMakeFiles/CMakeTmp'
make: *** [cmTryCompileExec288389502/fast] Error 2


Determining if the pthread_create exist failed with the following output:
Change Dir: /home/sebas/Documents/UCR/Estructuras/NAO/Proyecto/tests/new/build-ff/CMakeFiles/CMakeTmp

Run Build Command:/usr/bin/make "cmTryCompileExec2613934483/fast"
/usr/bin/make -f CMakeFiles/cmTryCompileExec2613934483.dir/build.make CMakeFiles/cmTryCompileExec2613934483.dir/build
make[1]: Entering directory `/home/sebas/Documents/UCR/Estructuras/NAO/Proyecto/tests/new/build-ff/CMakeFiles/CMakeTmp'
/usr/bin/cmake -E cmake_progress_report /home/sebas/Documents/UCR/Estructuras/NAO/Proyecto/tests/new/build-ff/CMakeFiles/CMakeTmp/CMakeFiles 1
Building C object CMakeFiles/cmTryCompileExec2613934483.dir/CheckSymbolExists.c.o
/usr/bin/cc    -o CMakeFiles/cmTryCompileExec2613934483.dir/CheckSymbolExists.c.o   -c /home/sebas/Documents/UCR/Estructuras/NAO/Proyecto/tests/new/build-ff/CMakeFiles/CMakeTmp/CheckSymbolExists.c
Linking C executable cmTryCompileExec2613934483
/usr/bin/cmake -E cmake_link_script CMakeFiles/cmTryCompileExec2613934483.dir/link.txt --verbose=1
/usr/bin/cc       CMakeFiles/cmTryCompileExec2613934483.dir/CheckSymbolExists.c.o  -o cmTryCompileExec2613934483 -rdynamic 
CMakeFiles/cmTryCompileExec2613934483.dir/CheckSymbolExists.c.o: In function `main':
CheckSymbolExists.c:(.text+0x16): undefined reference to `pthread_create'
collect2: error: ld returned 1 exit status
make[1]: *** [cmTryCompileExec2613934483] Error 1
make[1]: Leaving directory `/home/sebas/Documents/UCR/Estructuras/NAO/Proyecto/tests/new/build-ff/CMakeFiles/CMakeTmp'
make: *** [cmTryCompileExec2613934483/fast] Error 2

File /home/sebas/Documents/UCR/Estructuras/NAO/Proyecto/tests/new/build-ff/CMakeFiles/CMakeTmp/CheckSymbolExists.c:
/* */
#include <pthread.h>

int main(int argc, char** argv)
{
  (void)argv;
#ifndef pthread_create
  return ((int*)(&pthread_create))[argc];
#else
  (void)argc;
  return 0;
#endif
}

Determining if the function pthread_create exists in the pthreads failed with the following output:
Change Dir: /home/sebas/Documents/UCR/Estructuras/NAO/Proyecto/tests/new/build-ff/CMakeFiles/CMakeTmp

Run Build Command:/usr/bin/make "cmTryCompileExec3344580205/fast"
/usr/bin/make -f CMakeFiles/cmTryCompileExec3344580205.dir/build.make CMakeFiles/cmTryCompileExec3344580205.dir/build
make[1]: Entering directory `/home/sebas/Documents/UCR/Estructuras/NAO/Proyecto/tests/new/build-ff/CMakeFiles/CMakeTmp'
/usr/bin/cmake -E cmake_progress_report /home/sebas/Documents/UCR/Estructuras/NAO/Proyecto/tests/new/build-ff/CMakeFiles/CMakeTmp/CMakeFiles 1
Building C object CMakeFiles/cmTryCompileExec3344580205.dir/CheckFunctionExists.c.o
/usr/bin/cc   -DCHECK_FUNCTION_EXISTS=pthread_create   -o CMakeFiles/cmTryCompileExec3344580205.dir/CheckFunctionExists.c.o   -c /usr/share/cmake-2.8/Modules/CheckFunctionExists.c
Linking C executable cmTryCompileExec3344580205
/usr/bin/cmake -E cmake_link_script CMakeFiles/cmTryCompileExec3344580205.dir/link.txt --verbose=1
/usr/bin/cc   -DCHECK_FUNCTION_EXISTS=pthread_create    CMakeFiles/cmTryCompileExec3344580205.dir/CheckFunctionExists.c.o  -o cmTryCompileExec3344580205 -rdynamic -lpthreads 
/usr/bin/ld: cannot find -lpthreads
collect2: error: ld returned 1 exit status
make[1]: Leaving directory `/home/sebas/Documents/UCR/Estructuras/NAO/Proyecto/tests/new/build-ff/CMakeFiles/CMakeTmp'
make[1]: *** [cmTryCompileExec3344580205] Error 1
make: *** [cmTryCompileExec3344580205/fast] Error 2


Determining if the pthread_create exist failed with the following output:
Change Dir: /home/sebas/Documents/UCR/Estructuras/NAO/Proyecto/tests/new/build-ff/CMakeFiles/CMakeTmp

Run Build Command:/usr/bin/make "cmTryCompileExec4081596384/fast"
/usr/bin/make -f CMakeFiles/cmTryCompileExec4081596384.dir/build.make CMakeFiles/cmTryCompileExec4081596384.dir/build
make[1]: Entering directory `/home/sebas/Documents/UCR/Estructuras/NAO/Proyecto/tests/new/build-ff/CMakeFiles/CMakeTmp'
/usr/bin/cmake -E cmake_progress_report /home/sebas/Documents/UCR/Estructuras/NAO/Proyecto/tests/new/build-ff/CMakeFiles/CMakeTmp/CMakeFiles 1
Building C object CMakeFiles/cmTryCompileExec4081596384.dir/CheckSymbolExists.c.o
/usr/bin/cc    -o CMakeFiles/cmTryCompileExec4081596384.dir/CheckSymbolExists.c.o   -c /home/sebas/Documents/UCR/Estructuras/NAO/Proyecto/tests/new/build-ff/CMakeFiles/CMakeTmp/CheckSymbolExists.c
Linking C executable cmTryCompileExec4081596384
/usr/bin/cmake -E cmake_link_script CMakeFiles/cmTryCompileExec4081596384.dir/link.txt --verbose=1
/usr/bin/cc       CMakeFiles/cmTryCompileExec4081596384.dir/CheckSymbolExists.c.o  -o cmTryCompileExec4081596384 -rdynamic 
CMakeFiles/cmTryCompileExec4081596384.dir/CheckSymbolExists.c.o: In function `main':
CheckSymbolExists.c:(.text+0x16): undefined reference to `pthread_create'
collect2: error: ld returned 1 exit status
make[1]: *** [cmTryCompileExec4081596384] Error 1
make[1]: Leaving directory `/home/sebas/Documents/UCR/Estructuras/NAO/Proyecto/tests/new/build-ff/CMakeFiles/CMakeTmp'
make: *** [cmTryCompileExec4081596384/fast] Error 2

File /home/sebas/Documents/UCR/Estructuras/NAO/Proyecto/tests/new/build-ff/CMakeFiles/CMakeTmp/CheckSymbolExists.c:
/* */
#include <pthread.h>

int main(int argc, char** argv)
{
  (void)argv;
#ifndef pthread_create
  return ((int*)(&pthread_create))[argc];
#else
  (void)argc;
  return 0;
#endif
}

Determining if the function pthread_create exists in the pthreads failed with the following output:
Change Dir: /home/sebas/Documents/UCR/Estructuras/NAO/Proyecto/tests/new/build-ff/CMakeFiles/CMakeTmp

Run Build Command:/usr/bin/make "cmTryCompileExec2187971974/fast"
/usr/bin/make -f CMakeFiles/cmTryCompileExec2187971974.dir/build.make CMakeFiles/cmTryCompileExec2187971974.dir/build
make[1]: Entering directory `/home/sebas/Documents/UCR/Estructuras/NAO/Proyecto/tests/new/build-ff/CMakeFiles/CMakeTmp'
/usr/bin/cmake -E cmake_progress_report /home/sebas/Documents/UCR/Estructuras/NAO/Proyecto/tests/new/build-ff/CMakeFiles/CMakeTmp/CMakeFiles 1
Building C object CMakeFiles/cmTryCompileExec2187971974.dir/CheckFunctionExists.c.o
/usr/bin/cc   -DCHECK_FUNCTION_EXISTS=pthread_create   -o CMakeFiles/cmTryCompileExec2187971974.dir/CheckFunctionExists.c.o   -c /usr/share/cmake-2.8/Modules/CheckFunctionExists.c
Linking C executable cmTryCompileExec2187971974
/usr/bin/cmake -E cmake_link_script CMakeFiles/cmTryCompileExec2187971974.dir/link.txt --verbose=1
/usr/bin/cc   -DCHECK_FUNCTION_EXISTS=pthread_create    CMakeFiles/cmTryCompileExec2187971974.dir/CheckFunctionExists.c.o  -o cmTryCompileExec2187971974 -rdynamic -lpthreads 
/usr/bin/ld: cannot find -lpthreads
collect2: error: ld returned 1 exit status
make[1]: *** [cmTryCompileExec2187971974] Error 1
make[1]: Leaving directory `/home/sebas/Documents/UCR/Estructuras/NAO/Proyecto/tests/new/build-ff/CMakeFiles/CMakeTmp'
make: *** [cmTryCompileExec2187971974/fast] Error 2


Determining if the pthread_create exist failed with the following output:
Change Dir: /home/sebas/Documents/UCR/Estructuras/NAO/Proyecto/tests/new/build-ff/CMakeFiles/CMakeTmp

Run Build Command:/usr/bin/make "cmTryCompileExec2005650799/fast"
/usr/bin/make -f CMakeFiles/cmTryCompileExec2005650799.dir/build.make CMakeFiles/cmTryCompileExec2005650799.dir/build
make[1]: Entering directory `/home/sebas/Documents/UCR/Estructuras/NAO/Proyecto/tests/new/build-ff/CMakeFiles/CMakeTmp'
/usr/bin/cmake -E cmake_progress_report /home/sebas/Documents/UCR/Estructuras/NAO/Proyecto/tests/new/build-ff/CMakeFiles/CMakeTmp/CMakeFiles 1
Building C object CMakeFiles/cmTryCompileExec2005650799.dir/CheckSymbolExists.c.o
/usr/bin/cc    -o CMakeFiles/cmTryCompileExec2005650799.dir/CheckSymbolExists.c.o   -c /home/sebas/Documents/UCR/Estructuras/NAO/Proyecto/tests/new/build-ff/CMakeFiles/CMakeTmp/CheckSymbolExists.c
Linking C executable cmTryCompileExec2005650799
/usr/bin/cmake -E cmake_link_script CMakeFiles/cmTryCompileExec2005650799.dir/link.txt --verbose=1
/usr/bin/cc       CMakeFiles/cmTryCompileExec2005650799.dir/CheckSymbolExists.c.o  -o cmTryCompileExec2005650799 -rdynamic 
CMakeFiles/cmTryCompileExec2005650799.dir/CheckSymbolExists.c.o: In function `main':
CheckSymbolExists.c:(.text+0x16): undefined reference to `pthread_create'
collect2: error: ld returned 1 exit status
make[1]: *** [cmTryCompileExec2005650799] Error 1
make[1]: Leaving directory `/home/sebas/Documents/UCR/Estructuras/NAO/Proyecto/tests/new/build-ff/CMakeFiles/CMakeTmp'
make: *** [cmTryCompileExec2005650799/fast] Error 2

File /home/sebas/Documents/UCR/Estructuras/NAO/Proyecto/tests/new/build-ff/CMakeFiles/CMakeTmp/CheckSymbolExists.c:
/* */
#include <pthread.h>

int main(int argc, char** argv)
{
  (void)argv;
#ifndef pthread_create
  return ((int*)(&pthread_create))[argc];
#else
  (void)argc;
  return 0;
#endif
}

Determining if the function pthread_create exists in the pthreads failed with the following output:
Change Dir: /home/sebas/Documents/UCR/Estructuras/NAO/Proyecto/tests/new/build-ff/CMakeFiles/CMakeTmp

Run Build Command:/usr/bin/make "cmTryCompileExec134771400/fast"
/usr/bin/make -f CMakeFiles/cmTryCompileExec134771400.dir/build.make CMakeFiles/cmTryCompileExec134771400.dir/build
make[1]: Entering directory `/home/sebas/Documents/UCR/Estructuras/NAO/Proyecto/tests/new/build-ff/CMakeFiles/CMakeTmp'
/usr/bin/cmake -E cmake_progress_report /home/sebas/Documents/UCR/Estructuras/NAO/Proyecto/tests/new/build-ff/CMakeFiles/CMakeTmp/CMakeFiles 1
Building C object CMakeFiles/cmTryCompileExec134771400.dir/CheckFunctionExists.c.o
/usr/bin/cc   -DCHECK_FUNCTION_EXISTS=pthread_create   -o CMakeFiles/cmTryCompileExec134771400.dir/CheckFunctionExists.c.o   -c /usr/share/cmake-2.8/Modules/CheckFunctionExists.c
Linking C executable cmTryCompileExec134771400
/usr/bin/cmake -E cmake_link_script CMakeFiles/cmTryCompileExec134771400.dir/link.txt --verbose=1
/usr/bin/cc   -DCHECK_FUNCTION_EXISTS=pthread_create    CMakeFiles/cmTryCompileExec134771400.dir/CheckFunctionExists.c.o  -o cmTryCompileExec134771400 -rdynamic -lpthreads 
/usr/bin/ld: cannot find -lpthreads
collect2: error: ld returned 1 exit status
make[1]: *** [cmTryCompileExec134771400] Error 1
make[1]: Leaving directory `/home/sebas/Documents/UCR/Estructuras/NAO/Proyecto/tests/new/build-ff/CMakeFiles/CMakeTmp'
make: *** [cmTryCompileExec134771400/fast] Error 2


Determining if the pthread_create exist failed with the following output:
Change Dir: /home/sebas/Documents/UCR/Estructuras/NAO/Proyecto/tests/new/build-ff/CMakeFiles/CMakeTmp

Run Build Command:/usr/bin/make "cmTryCompileExec3268975028/fast"
/usr/bin/make -f CMakeFiles/cmTryCompileExec3268975028.dir/build.make CMakeFiles/cmTryCompileExec3268975028.dir/build
make[1]: Entering directory `/home/sebas/Documents/UCR/Estructuras/NAO/Proyecto/tests/new/build-ff/CMakeFiles/CMakeTmp'
/usr/bin/cmake -E cmake_progress_report /home/sebas/Documents/UCR/Estructuras/NAO/Proyecto/tests/new/build-ff/CMakeFiles/CMakeTmp/CMakeFiles 1
Building C object CMakeFiles/cmTryCompileExec3268975028.dir/CheckSymbolExists.c.o
/usr/bin/cc    -o CMakeFiles/cmTryCompileExec3268975028.dir/CheckSymbolExists.c.o   -c /home/sebas/Documents/UCR/Estructuras/NAO/Proyecto/tests/new/build-ff/CMakeFiles/CMakeTmp/CheckSymbolExists.c
Linking C executable cmTryCompileExec3268975028
/usr/bin/cmake -E cmake_link_script CMakeFiles/cmTryCompileExec3268975028.dir/link.txt --verbose=1
/usr/bin/cc       CMakeFiles/cmTryCompileExec3268975028.dir/CheckSymbolExists.c.o  -o cmTryCompileExec3268975028 -rdynamic 
CMakeFiles/cmTryCompileExec3268975028.dir/CheckSymbolExists.c.o: In function `main':
CheckSymbolExists.c:(.text+0x16): undefined reference to `pthread_create'
collect2: error: ld returned 1 exit status
make[1]: *** [cmTryCompileExec3268975028] Error 1
make[1]: Leaving directory `/home/sebas/Documents/UCR/Estructuras/NAO/Proyecto/tests/new/build-ff/CMakeFiles/CMakeTmp'
make: *** [cmTryCompileExec3268975028/fast] Error 2

File /home/sebas/Documents/UCR/Estructuras/NAO/Proyecto/tests/new/build-ff/CMakeFiles/CMakeTmp/CheckSymbolExists.c:
/* */
#include <pthread.h>

int main(int argc, char** argv)
{
  (void)argv;
#ifndef pthread_create
  return ((int*)(&pthread_create))[argc];
#else
  (void)argc;
  return 0;
#endif
}

Determining if the function pthread_create exists in the pthreads failed with the following output:
Change Dir: /home/sebas/Documents/UCR/Estructuras/NAO/Proyecto/tests/new/build-ff/CMakeFiles/CMakeTmp

Run Build Command:/usr/bin/make "cmTryCompileExec1908844265/fast"
/usr/bin/make -f CMakeFiles/cmTryCompileExec1908844265.dir/build.make CMakeFiles/cmTryCompileExec1908844265.dir/build
make[1]: Entering directory `/home/sebas/Documents/UCR/Estructuras/NAO/Proyecto/tests/new/build-ff/CMakeFiles/CMakeTmp'
/usr/bin/cmake -E cmake_progress_report /home/sebas/Documents/UCR/Estructuras/NAO/Proyecto/tests/new/build-ff/CMakeFiles/CMakeTmp/CMakeFiles 1
Building C object CMakeFiles/cmTryCompileExec1908844265.dir/CheckFunctionExists.c.o
/usr/bin/cc   -DCHECK_FUNCTION_EXISTS=pthread_create   -o CMakeFiles/cmTryCompileExec1908844265.dir/CheckFunctionExists.c.o   -c /usr/share/cmake-2.8/Modules/CheckFunctionExists.c
Linking C executable cmTryCompileExec1908844265
/usr/bin/cmake -E cmake_link_script CMakeFiles/cmTryCompileExec1908844265.dir/link.txt --verbose=1
/usr/bin/cc   -DCHECK_FUNCTION_EXISTS=pthread_create    CMakeFiles/cmTryCompileExec1908844265.dir/CheckFunctionExists.c.o  -o cmTryCompileExec1908844265 -rdynamic -lpthreads 
/usr/bin/ld: cannot find -lpthreads
collect2: error: ld returned 1 exit status
make[1]: *** [cmTryCompileExec1908844265] Error 1
make[1]: Leaving directory `/home/sebas/Documents/UCR/Estructuras/NAO/Proyecto/tests/new/build-ff/CMakeFiles/CMakeTmp'
make: *** [cmTryCompileExec1908844265/fast] Error 2


Determining if the pthread_create exist failed with the following output:
Change Dir: /home/sebas/Documents/UCR/Estructuras/NAO/Proyecto/tests/new/build-ff/CMakeFiles/CMakeTmp

Run Build Command:/usr/bin/make "cmTryCompileExec512276931/fast"
/usr/bin/make -f CMakeFiles/cmTryCompileExec512276931.dir/build.make CMakeFiles/cmTryCompileExec512276931.dir/build
make[1]: Entering directory `/home/sebas/Documents/UCR/Estructuras/NAO/Proyecto/tests/new/build-ff/CMakeFiles/CMakeTmp'
/usr/bin/cmake -E cmake_progress_report /home/sebas/Documents/UCR/Estructuras/NAO/Proyecto/tests/new/build-ff/CMakeFiles/CMakeTmp/CMakeFiles 1
Building C object CMakeFiles/cmTryCompileExec512276931.dir/CheckSymbolExists.c.o
/usr/bin/cc    -o CMakeFiles/cmTryCompileExec512276931.dir/CheckSymbolExists.c.o   -c /home/sebas/Documents/UCR/Estructuras/NAO/Proyecto/tests/new/build-ff/CMakeFiles/CMakeTmp/CheckSymbolExists.c
Linking C executable cmTryCompileExec512276931
/usr/bin/cmake -E cmake_link_script CMakeFiles/cmTryCompileExec512276931.dir/link.txt --verbose=1
/usr/bin/cc       CMakeFiles/cmTryCompileExec512276931.dir/CheckSymbolExists.c.o  -o cmTryCompileExec512276931 -rdynamic 
CMakeFiles/cmTryCompileExec512276931.dir/CheckSymbolExists.c.o: In function `main':
CheckSymbolExists.c:(.text+0x16): undefined reference to `pthread_create'
collect2: error: ld returned 1 exit status
make[1]: *** [cmTryCompileExec512276931] Error 1
make[1]: Leaving directory `/home/sebas/Documents/UCR/Estructuras/NAO/Proyecto/tests/new/build-ff/CMakeFiles/CMakeTmp'
make: *** [cmTryCompileExec512276931/fast] Error 2

File /home/sebas/Documents/UCR/Estructuras/NAO/Proyecto/tests/new/build-ff/CMakeFiles/CMakeTmp/CheckSymbolExists.c:
/* */
#include <pthread.h>

int main(int argc, char** argv)
{
  (void)argv;
#ifndef pthread_create
  return ((int*)(&pthread_create))[argc];
#else
  (void)argc;
  return 0;
#endif
}

Determining if the function pthread_create exists in the pthreads failed with the following output:
Change Dir: /home/sebas/Documents/UCR/Estructuras/NAO/Proyecto/tests/new/build-ff/CMakeFiles/CMakeTmp

Run Build Command:/usr/bin/make "cmTryCompileExec2634545448/fast"
/usr/bin/make -f CMakeFiles/cmTryCompileExec2634545448.dir/build.make CMakeFiles/cmTryCompileExec2634545448.dir/build
make[1]: Entering directory `/home/sebas/Documents/UCR/Estructuras/NAO/Proyecto/tests/new/build-ff/CMakeFiles/CMakeTmp'
/usr/bin/cmake -E cmake_progress_report /home/sebas/Documents/UCR/Estructuras/NAO/Proyecto/tests/new/build-ff/CMakeFiles/CMakeTmp/CMakeFiles 1
Building C object CMakeFiles/cmTryCompileExec2634545448.dir/CheckFunctionExists.c.o
/usr/bin/cc   -DCHECK_FUNCTION_EXISTS=pthread_create   -o CMakeFiles/cmTryCompileExec2634545448.dir/CheckFunctionExists.c.o   -c /usr/share/cmake-2.8/Modules/CheckFunctionExists.c
Linking C executable cmTryCompileExec2634545448
/usr/bin/cmake -E cmake_link_script CMakeFiles/cmTryCompileExec2634545448.dir/link.txt --verbose=1
/usr/bin/cc   -DCHECK_FUNCTION_EXISTS=pthread_create    CMakeFiles/cmTryCompileExec2634545448.dir/CheckFunctionExists.c.o  -o cmTryCompileExec2634545448 -rdynamic -lpthreads 
/usr/bin/ld: cannot find -lpthreads
collect2: error: ld returned 1 exit status
make[1]: Leaving directory `/home/sebas/Documents/UCR/Estructuras/NAO/Proyecto/tests/new/build-ff/CMakeFiles/CMakeTmp'
make[1]: *** [cmTryCompileExec2634545448] Error 1
make: *** [cmTryCompileExec2634545448/fast] Error 2


Determining if the pthread_create exist failed with the following output:
Change Dir: /home/sebas/Documents/UCR/Estructuras/NAO/Proyecto/tests/new/build-ff/CMakeFiles/CMakeTmp

Run Build Command:/usr/bin/make "cmTryCompileExec26616865/fast"
/usr/bin/make -f CMakeFiles/cmTryCompileExec26616865.dir/build.make CMakeFiles/cmTryCompileExec26616865.dir/build
make[1]: Entering directory `/home/sebas/Documents/UCR/Estructuras/NAO/Proyecto/tests/new/build-ff/CMakeFiles/CMakeTmp'
/usr/bin/cmake -E cmake_progress_report /home/sebas/Documents/UCR/Estructuras/NAO/Proyecto/tests/new/build-ff/CMakeFiles/CMakeTmp/CMakeFiles 1
Building C object CMakeFiles/cmTryCompileExec26616865.dir/CheckSymbolExists.c.o
/usr/bin/cc    -o CMakeFiles/cmTryCompileExec26616865.dir/CheckSymbolExists.c.o   -c /home/sebas/Documents/UCR/Estructuras/NAO/Proyecto/tests/new/build-ff/CMakeFiles/CMakeTmp/CheckSymbolExists.c
Linking C executable cmTryCompileExec26616865
/usr/bin/cmake -E cmake_link_script CMakeFiles/cmTryCompileExec26616865.dir/link.txt --verbose=1
/usr/bin/cc       CMakeFiles/cmTryCompileExec26616865.dir/CheckSymbolExists.c.o  -o cmTryCompileExec26616865 -rdynamic 
CMakeFiles/cmTryCompileExec26616865.dir/CheckSymbolExists.c.o: In function `main':
CheckSymbolExists.c:(.text+0x16): undefined reference to `pthread_create'
collect2: error: ld returned 1 exit status
make[1]: *** [cmTryCompileExec26616865] Error 1
make[1]: Leaving directory `/home/sebas/Documents/UCR/Estructuras/NAO/Proyecto/tests/new/build-ff/CMakeFiles/CMakeTmp'
make: *** [cmTryCompileExec26616865/fast] Error 2

File /home/sebas/Documents/UCR/Estructuras/NAO/Proyecto/tests/new/build-ff/CMakeFiles/CMakeTmp/CheckSymbolExists.c:
/* */
#include <pthread.h>

int main(int argc, char** argv)
{
  (void)argv;
#ifndef pthread_create
  return ((int*)(&pthread_create))[argc];
#else
  (void)argc;
  return 0;
#endif
}

Determining if the function pthread_create exists in the pthreads failed with the following output:
Change Dir: /home/sebas/Documents/UCR/Estructuras/NAO/Proyecto/tests/new/build-ff/CMakeFiles/CMakeTmp

Run Build Command:/usr/bin/make "cmTryCompileExec660632917/fast"
/usr/bin/make -f CMakeFiles/cmTryCompileExec660632917.dir/build.make CMakeFiles/cmTryCompileExec660632917.dir/build
make[1]: Entering directory `/home/sebas/Documents/UCR/Estructuras/NAO/Proyecto/tests/new/build-ff/CMakeFiles/CMakeTmp'
/usr/bin/cmake -E cmake_progress_report /home/sebas/Documents/UCR/Estructuras/NAO/Proyecto/tests/new/build-ff/CMakeFiles/CMakeTmp/CMakeFiles 1
Building C object CMakeFiles/cmTryCompileExec660632917.dir/CheckFunctionExists.c.o
/usr/bin/cc   -DCHECK_FUNCTION_EXISTS=pthread_create   -o CMakeFiles/cmTryCompileExec660632917.dir/CheckFunctionExists.c.o   -c /usr/share/cmake-2.8/Modules/CheckFunctionExists.c
Linking C executable cmTryCompileExec660632917
/usr/bin/cmake -E cmake_link_script CMakeFiles/cmTryCompileExec660632917.dir/link.txt --verbose=1
/usr/bin/cc   -DCHECK_FUNCTION_EXISTS=pthread_create    CMakeFiles/cmTryCompileExec660632917.dir/CheckFunctionExists.c.o  -o cmTryCompileExec660632917 -rdynamic -lpthreads 
/usr/bin/ld: cannot find -lpthreads
collect2: error: ld returned 1 exit status
make[1]: *** [cmTryCompileExec660632917] Error 1
make[1]: Leaving directory `/home/sebas/Documents/UCR/Estructuras/NAO/Proyecto/tests/new/build-ff/CMakeFiles/CMakeTmp'
make: *** [cmTryCompileExec660632917/fast] Error 2


