Determining if the pthread_create exist failed with the following output:
Change Dir: /home/sebas/Documents/UCR/Estructuras/NAO/Proyecto/tests/combination/build-ff/CMakeFiles/CMakeTmp

Run Build Command:/usr/bin/make "cmTryCompileExec465163047/fast"
/usr/bin/make -f CMakeFiles/cmTryCompileExec465163047.dir/build.make CMakeFiles/cmTryCompileExec465163047.dir/build
make[1]: Entering directory `/home/sebas/Documents/UCR/Estructuras/NAO/Proyecto/tests/combination/build-ff/CMakeFiles/CMakeTmp'
/usr/bin/cmake -E cmake_progress_report /home/sebas/Documents/UCR/Estructuras/NAO/Proyecto/tests/combination/build-ff/CMakeFiles/CMakeTmp/CMakeFiles 1
Building C object CMakeFiles/cmTryCompileExec465163047.dir/CheckSymbolExists.c.o
/usr/bin/cc    -o CMakeFiles/cmTryCompileExec465163047.dir/CheckSymbolExists.c.o   -c /home/sebas/Documents/UCR/Estructuras/NAO/Proyecto/tests/combination/build-ff/CMakeFiles/CMakeTmp/CheckSymbolExists.c
Linking C executable cmTryCompileExec465163047
/usr/bin/cmake -E cmake_link_script CMakeFiles/cmTryCompileExec465163047.dir/link.txt --verbose=1
/usr/bin/cc       CMakeFiles/cmTryCompileExec465163047.dir/CheckSymbolExists.c.o  -o cmTryCompileExec465163047 -rdynamic 
CMakeFiles/cmTryCompileExec465163047.dir/CheckSymbolExists.c.o: In function `main':
CheckSymbolExists.c:(.text+0x16): undefined reference to `pthread_create'
collect2: error: ld returned 1 exit status
make[1]: *** [cmTryCompileExec465163047] Error 1
make[1]: Leaving directory `/home/sebas/Documents/UCR/Estructuras/NAO/Proyecto/tests/combination/build-ff/CMakeFiles/CMakeTmp'
make: *** [cmTryCompileExec465163047/fast] Error 2

File /home/sebas/Documents/UCR/Estructuras/NAO/Proyecto/tests/combination/build-ff/CMakeFiles/CMakeTmp/CheckSymbolExists.c:
/* */
#include <pthread.h>

int main(int argc, char** argv)
{
  (void)argv;
#ifndef pthread_create
  return ((int*)(&pthread_create))[argc];
#else
  (void)argc;
  return 0;
#endif
}

Determining if the function pthread_create exists in the pthreads failed with the following output:
Change Dir: /home/sebas/Documents/UCR/Estructuras/NAO/Proyecto/tests/combination/build-ff/CMakeFiles/CMakeTmp

Run Build Command:/usr/bin/make "cmTryCompileExec2951813201/fast"
/usr/bin/make -f CMakeFiles/cmTryCompileExec2951813201.dir/build.make CMakeFiles/cmTryCompileExec2951813201.dir/build
make[1]: Entering directory `/home/sebas/Documents/UCR/Estructuras/NAO/Proyecto/tests/combination/build-ff/CMakeFiles/CMakeTmp'
/usr/bin/cmake -E cmake_progress_report /home/sebas/Documents/UCR/Estructuras/NAO/Proyecto/tests/combination/build-ff/CMakeFiles/CMakeTmp/CMakeFiles 1
Building C object CMakeFiles/cmTryCompileExec2951813201.dir/CheckFunctionExists.c.o
/usr/bin/cc   -DCHECK_FUNCTION_EXISTS=pthread_create   -o CMakeFiles/cmTryCompileExec2951813201.dir/CheckFunctionExists.c.o   -c /usr/share/cmake-2.8/Modules/CheckFunctionExists.c
Linking C executable cmTryCompileExec2951813201
/usr/bin/cmake -E cmake_link_script CMakeFiles/cmTryCompileExec2951813201.dir/link.txt --verbose=1
/usr/bin/cc   -DCHECK_FUNCTION_EXISTS=pthread_create    CMakeFiles/cmTryCompileExec2951813201.dir/CheckFunctionExists.c.o  -o cmTryCompileExec2951813201 -rdynamic -lpthreads 
/usr/bin/ld: cannot find -lpthreads
collect2: error: ld returned 1 exit status
make[1]: *** [cmTryCompileExec2951813201] Error 1
make[1]: Leaving directory `/home/sebas/Documents/UCR/Estructuras/NAO/Proyecto/tests/combination/build-ff/CMakeFiles/CMakeTmp'
make: *** [cmTryCompileExec2951813201/fast] Error 2


Determining if the pthread_create exist failed with the following output:
Change Dir: /home/sebas/Documents/UCR/Estructuras/NAO/Proyecto/tests/combination/build-ff/CMakeFiles/CMakeTmp

Run Build Command:/usr/bin/make "cmTryCompileExec3840801129/fast"
/usr/bin/make -f CMakeFiles/cmTryCompileExec3840801129.dir/build.make CMakeFiles/cmTryCompileExec3840801129.dir/build
make[1]: Entering directory `/home/sebas/Documents/UCR/Estructuras/NAO/Proyecto/tests/combination/build-ff/CMakeFiles/CMakeTmp'
/usr/bin/cmake -E cmake_progress_report /home/sebas/Documents/UCR/Estructuras/NAO/Proyecto/tests/combination/build-ff/CMakeFiles/CMakeTmp/CMakeFiles 1
Building C object CMakeFiles/cmTryCompileExec3840801129.dir/CheckSymbolExists.c.o
/usr/bin/cc    -o CMakeFiles/cmTryCompileExec3840801129.dir/CheckSymbolExists.c.o   -c /home/sebas/Documents/UCR/Estructuras/NAO/Proyecto/tests/combination/build-ff/CMakeFiles/CMakeTmp/CheckSymbolExists.c
Linking C executable cmTryCompileExec3840801129
/usr/bin/cmake -E cmake_link_script CMakeFiles/cmTryCompileExec3840801129.dir/link.txt --verbose=1
/usr/bin/cc       CMakeFiles/cmTryCompileExec3840801129.dir/CheckSymbolExists.c.o  -o cmTryCompileExec3840801129 -rdynamic 
CMakeFiles/cmTryCompileExec3840801129.dir/CheckSymbolExists.c.o: In function `main':
CheckSymbolExists.c:(.text+0x16): undefined reference to `pthread_create'
collect2: error: ld returned 1 exit status
make[1]: *** [cmTryCompileExec3840801129] Error 1
make[1]: Leaving directory `/home/sebas/Documents/UCR/Estructuras/NAO/Proyecto/tests/combination/build-ff/CMakeFiles/CMakeTmp'
make: *** [cmTryCompileExec3840801129/fast] Error 2

File /home/sebas/Documents/UCR/Estructuras/NAO/Proyecto/tests/combination/build-ff/CMakeFiles/CMakeTmp/CheckSymbolExists.c:
/* */
#include <pthread.h>

int main(int argc, char** argv)
{
  (void)argv;
#ifndef pthread_create
  return ((int*)(&pthread_create))[argc];
#else
  (void)argc;
  return 0;
#endif
}

Determining if the function pthread_create exists in the pthreads failed with the following output:
Change Dir: /home/sebas/Documents/UCR/Estructuras/NAO/Proyecto/tests/combination/build-ff/CMakeFiles/CMakeTmp

Run Build Command:/usr/bin/make "cmTryCompileExec2606034616/fast"
/usr/bin/make -f CMakeFiles/cmTryCompileExec2606034616.dir/build.make CMakeFiles/cmTryCompileExec2606034616.dir/build
make[1]: Entering directory `/home/sebas/Documents/UCR/Estructuras/NAO/Proyecto/tests/combination/build-ff/CMakeFiles/CMakeTmp'
/usr/bin/cmake -E cmake_progress_report /home/sebas/Documents/UCR/Estructuras/NAO/Proyecto/tests/combination/build-ff/CMakeFiles/CMakeTmp/CMakeFiles 1
Building C object CMakeFiles/cmTryCompileExec2606034616.dir/CheckFunctionExists.c.o
/usr/bin/cc   -DCHECK_FUNCTION_EXISTS=pthread_create   -o CMakeFiles/cmTryCompileExec2606034616.dir/CheckFunctionExists.c.o   -c /usr/share/cmake-2.8/Modules/CheckFunctionExists.c
Linking C executable cmTryCompileExec2606034616
/usr/bin/cmake -E cmake_link_script CMakeFiles/cmTryCompileExec2606034616.dir/link.txt --verbose=1
/usr/bin/cc   -DCHECK_FUNCTION_EXISTS=pthread_create    CMakeFiles/cmTryCompileExec2606034616.dir/CheckFunctionExists.c.o  -o cmTryCompileExec2606034616 -rdynamic -lpthreads 
/usr/bin/ld: cannot find -lpthreads
collect2: error: ld returned 1 exit status
make[1]: *** [cmTryCompileExec2606034616] Error 1
make[1]: Leaving directory `/home/sebas/Documents/UCR/Estructuras/NAO/Proyecto/tests/combination/build-ff/CMakeFiles/CMakeTmp'
make: *** [cmTryCompileExec2606034616/fast] Error 2


Determining if the pthread_create exist failed with the following output:
Change Dir: /home/sebas/Documents/UCR/Estructuras/NAO/Proyecto/tests/combination/build-ff/CMakeFiles/CMakeTmp

Run Build Command:/usr/bin/make "cmTryCompileExec2865506365/fast"
/usr/bin/make -f CMakeFiles/cmTryCompileExec2865506365.dir/build.make CMakeFiles/cmTryCompileExec2865506365.dir/build
make[1]: Entering directory `/home/sebas/Documents/UCR/Estructuras/NAO/Proyecto/tests/combination/build-ff/CMakeFiles/CMakeTmp'
/usr/bin/cmake -E cmake_progress_report /home/sebas/Documents/UCR/Estructuras/NAO/Proyecto/tests/combination/build-ff/CMakeFiles/CMakeTmp/CMakeFiles 1
Building C object CMakeFiles/cmTryCompileExec2865506365.dir/CheckSymbolExists.c.o
/usr/bin/cc    -o CMakeFiles/cmTryCompileExec2865506365.dir/CheckSymbolExists.c.o   -c /home/sebas/Documents/UCR/Estructuras/NAO/Proyecto/tests/combination/build-ff/CMakeFiles/CMakeTmp/CheckSymbolExists.c
Linking C executable cmTryCompileExec2865506365
/usr/bin/cmake -E cmake_link_script CMakeFiles/cmTryCompileExec2865506365.dir/link.txt --verbose=1
/usr/bin/cc       CMakeFiles/cmTryCompileExec2865506365.dir/CheckSymbolExists.c.o  -o cmTryCompileExec2865506365 -rdynamic 
CMakeFiles/cmTryCompileExec2865506365.dir/CheckSymbolExists.c.o: In function `main':
CheckSymbolExists.c:(.text+0x16): undefined reference to `pthread_create'
collect2: error: ld returned 1 exit status
make[1]: Leaving directory `/home/sebas/Documents/UCR/Estructuras/NAO/Proyecto/tests/combination/build-ff/CMakeFiles/CMakeTmp'
make[1]: *** [cmTryCompileExec2865506365] Error 1
make: *** [cmTryCompileExec2865506365/fast] Error 2

File /home/sebas/Documents/UCR/Estructuras/NAO/Proyecto/tests/combination/build-ff/CMakeFiles/CMakeTmp/CheckSymbolExists.c:
/* */
#include <pthread.h>

int main(int argc, char** argv)
{
  (void)argv;
#ifndef pthread_create
  return ((int*)(&pthread_create))[argc];
#else
  (void)argc;
  return 0;
#endif
}

Determining if the function pthread_create exists in the pthreads failed with the following output:
Change Dir: /home/sebas/Documents/UCR/Estructuras/NAO/Proyecto/tests/combination/build-ff/CMakeFiles/CMakeTmp

Run Build Command:/usr/bin/make "cmTryCompileExec2761751352/fast"
/usr/bin/make -f CMakeFiles/cmTryCompileExec2761751352.dir/build.make CMakeFiles/cmTryCompileExec2761751352.dir/build
make[1]: Entering directory `/home/sebas/Documents/UCR/Estructuras/NAO/Proyecto/tests/combination/build-ff/CMakeFiles/CMakeTmp'
/usr/bin/cmake -E cmake_progress_report /home/sebas/Documents/UCR/Estructuras/NAO/Proyecto/tests/combination/build-ff/CMakeFiles/CMakeTmp/CMakeFiles 1
Building C object CMakeFiles/cmTryCompileExec2761751352.dir/CheckFunctionExists.c.o
/usr/bin/cc   -DCHECK_FUNCTION_EXISTS=pthread_create   -o CMakeFiles/cmTryCompileExec2761751352.dir/CheckFunctionExists.c.o   -c /usr/share/cmake-2.8/Modules/CheckFunctionExists.c
Linking C executable cmTryCompileExec2761751352
/usr/bin/cmake -E cmake_link_script CMakeFiles/cmTryCompileExec2761751352.dir/link.txt --verbose=1
/usr/bin/cc   -DCHECK_FUNCTION_EXISTS=pthread_create    CMakeFiles/cmTryCompileExec2761751352.dir/CheckFunctionExists.c.o  -o cmTryCompileExec2761751352 -rdynamic -lpthreads 
/usr/bin/ld: cannot find -lpthreads
collect2: error: ld returned 1 exit status
make[1]: *** [cmTryCompileExec2761751352] Error 1
make[1]: Leaving directory `/home/sebas/Documents/UCR/Estructuras/NAO/Proyecto/tests/combination/build-ff/CMakeFiles/CMakeTmp'
make: *** [cmTryCompileExec2761751352/fast] Error 2


Determining if the pthread_create exist failed with the following output:
Change Dir: /home/sebas/Documents/UCR/Estructuras/NAO/Proyecto/tests/combination/build-ff/CMakeFiles/CMakeTmp

Run Build Command:/usr/bin/make "cmTryCompileExec1752492961/fast"
/usr/bin/make -f CMakeFiles/cmTryCompileExec1752492961.dir/build.make CMakeFiles/cmTryCompileExec1752492961.dir/build
make[1]: Entering directory `/home/sebas/Documents/UCR/Estructuras/NAO/Proyecto/tests/combination/build-ff/CMakeFiles/CMakeTmp'
/usr/bin/cmake -E cmake_progress_report /home/sebas/Documents/UCR/Estructuras/NAO/Proyecto/tests/combination/build-ff/CMakeFiles/CMakeTmp/CMakeFiles 1
Building C object CMakeFiles/cmTryCompileExec1752492961.dir/CheckSymbolExists.c.o
/usr/bin/cc    -o CMakeFiles/cmTryCompileExec1752492961.dir/CheckSymbolExists.c.o   -c /home/sebas/Documents/UCR/Estructuras/NAO/Proyecto/tests/combination/build-ff/CMakeFiles/CMakeTmp/CheckSymbolExists.c
Linking C executable cmTryCompileExec1752492961
/usr/bin/cmake -E cmake_link_script CMakeFiles/cmTryCompileExec1752492961.dir/link.txt --verbose=1
/usr/bin/cc       CMakeFiles/cmTryCompileExec1752492961.dir/CheckSymbolExists.c.o  -o cmTryCompileExec1752492961 -rdynamic 
CMakeFiles/cmTryCompileExec1752492961.dir/CheckSymbolExists.c.o: In function `main':
CheckSymbolExists.c:(.text+0x16): undefined reference to `pthread_create'
collect2: error: ld returned 1 exit status
make[1]: *** [cmTryCompileExec1752492961] Error 1
make[1]: Leaving directory `/home/sebas/Documents/UCR/Estructuras/NAO/Proyecto/tests/combination/build-ff/CMakeFiles/CMakeTmp'
make: *** [cmTryCompileExec1752492961/fast] Error 2

File /home/sebas/Documents/UCR/Estructuras/NAO/Proyecto/tests/combination/build-ff/CMakeFiles/CMakeTmp/CheckSymbolExists.c:
/* */
#include <pthread.h>

int main(int argc, char** argv)
{
  (void)argv;
#ifndef pthread_create
  return ((int*)(&pthread_create))[argc];
#else
  (void)argc;
  return 0;
#endif
}

Determining if the function pthread_create exists in the pthreads failed with the following output:
Change Dir: /home/sebas/Documents/UCR/Estructuras/NAO/Proyecto/tests/combination/build-ff/CMakeFiles/CMakeTmp

Run Build Command:/usr/bin/make "cmTryCompileExec4008164206/fast"
/usr/bin/make -f CMakeFiles/cmTryCompileExec4008164206.dir/build.make CMakeFiles/cmTryCompileExec4008164206.dir/build
make[1]: Entering directory `/home/sebas/Documents/UCR/Estructuras/NAO/Proyecto/tests/combination/build-ff/CMakeFiles/CMakeTmp'
/usr/bin/cmake -E cmake_progress_report /home/sebas/Documents/UCR/Estructuras/NAO/Proyecto/tests/combination/build-ff/CMakeFiles/CMakeTmp/CMakeFiles 1
Building C object CMakeFiles/cmTryCompileExec4008164206.dir/CheckFunctionExists.c.o
/usr/bin/cc   -DCHECK_FUNCTION_EXISTS=pthread_create   -o CMakeFiles/cmTryCompileExec4008164206.dir/CheckFunctionExists.c.o   -c /usr/share/cmake-2.8/Modules/CheckFunctionExists.c
Linking C executable cmTryCompileExec4008164206
/usr/bin/cmake -E cmake_link_script CMakeFiles/cmTryCompileExec4008164206.dir/link.txt --verbose=1
/usr/bin/cc   -DCHECK_FUNCTION_EXISTS=pthread_create    CMakeFiles/cmTryCompileExec4008164206.dir/CheckFunctionExists.c.o  -o cmTryCompileExec4008164206 -rdynamic -lpthreads 
/usr/bin/ld: cannot find -lpthreads
collect2: error: ld returned 1 exit status
make[1]: *** [cmTryCompileExec4008164206] Error 1
make[1]: Leaving directory `/home/sebas/Documents/UCR/Estructuras/NAO/Proyecto/tests/combination/build-ff/CMakeFiles/CMakeTmp'
make: *** [cmTryCompileExec4008164206/fast] Error 2


Determining if the pthread_create exist failed with the following output:
Change Dir: /home/sebas/Documents/UCR/Estructuras/NAO/Proyecto/tests/combination/build-ff/CMakeFiles/CMakeTmp

Run Build Command:/usr/bin/make "cmTryCompileExec3706610607/fast"
/usr/bin/make -f CMakeFiles/cmTryCompileExec3706610607.dir/build.make CMakeFiles/cmTryCompileExec3706610607.dir/build
make[1]: Entering directory `/home/sebas/Documents/UCR/Estructuras/NAO/Proyecto/tests/combination/build-ff/CMakeFiles/CMakeTmp'
/usr/bin/cmake -E cmake_progress_report /home/sebas/Documents/UCR/Estructuras/NAO/Proyecto/tests/combination/build-ff/CMakeFiles/CMakeTmp/CMakeFiles 1
Building C object CMakeFiles/cmTryCompileExec3706610607.dir/CheckSymbolExists.c.o
/usr/bin/cc    -o CMakeFiles/cmTryCompileExec3706610607.dir/CheckSymbolExists.c.o   -c /home/sebas/Documents/UCR/Estructuras/NAO/Proyecto/tests/combination/build-ff/CMakeFiles/CMakeTmp/CheckSymbolExists.c
Linking C executable cmTryCompileExec3706610607
/usr/bin/cmake -E cmake_link_script CMakeFiles/cmTryCompileExec3706610607.dir/link.txt --verbose=1
/usr/bin/cc       CMakeFiles/cmTryCompileExec3706610607.dir/CheckSymbolExists.c.o  -o cmTryCompileExec3706610607 -rdynamic 
CMakeFiles/cmTryCompileExec3706610607.dir/CheckSymbolExists.c.o: In function `main':
CheckSymbolExists.c:(.text+0x16): undefined reference to `pthread_create'
collect2: error: ld returned 1 exit status
make[1]: Leaving directory `/home/sebas/Documents/UCR/Estructuras/NAO/Proyecto/tests/combination/build-ff/CMakeFiles/CMakeTmp'
make[1]: *** [cmTryCompileExec3706610607] Error 1
make: *** [cmTryCompileExec3706610607/fast] Error 2

File /home/sebas/Documents/UCR/Estructuras/NAO/Proyecto/tests/combination/build-ff/CMakeFiles/CMakeTmp/CheckSymbolExists.c:
/* */
#include <pthread.h>

int main(int argc, char** argv)
{
  (void)argv;
#ifndef pthread_create
  return ((int*)(&pthread_create))[argc];
#else
  (void)argc;
  return 0;
#endif
}

Determining if the function pthread_create exists in the pthreads failed with the following output:
Change Dir: /home/sebas/Documents/UCR/Estructuras/NAO/Proyecto/tests/combination/build-ff/CMakeFiles/CMakeTmp

Run Build Command:/usr/bin/make "cmTryCompileExec1008109029/fast"
/usr/bin/make -f CMakeFiles/cmTryCompileExec1008109029.dir/build.make CMakeFiles/cmTryCompileExec1008109029.dir/build
make[1]: Entering directory `/home/sebas/Documents/UCR/Estructuras/NAO/Proyecto/tests/combination/build-ff/CMakeFiles/CMakeTmp'
/usr/bin/cmake -E cmake_progress_report /home/sebas/Documents/UCR/Estructuras/NAO/Proyecto/tests/combination/build-ff/CMakeFiles/CMakeTmp/CMakeFiles 1
Building C object CMakeFiles/cmTryCompileExec1008109029.dir/CheckFunctionExists.c.o
/usr/bin/cc   -DCHECK_FUNCTION_EXISTS=pthread_create   -o CMakeFiles/cmTryCompileExec1008109029.dir/CheckFunctionExists.c.o   -c /usr/share/cmake-2.8/Modules/CheckFunctionExists.c
Linking C executable cmTryCompileExec1008109029
/usr/bin/cmake -E cmake_link_script CMakeFiles/cmTryCompileExec1008109029.dir/link.txt --verbose=1
/usr/bin/cc   -DCHECK_FUNCTION_EXISTS=pthread_create    CMakeFiles/cmTryCompileExec1008109029.dir/CheckFunctionExists.c.o  -o cmTryCompileExec1008109029 -rdynamic -lpthreads 
/usr/bin/ld: cannot find -lpthreads
collect2: error: ld returned 1 exit status
make[1]: *** [cmTryCompileExec1008109029] Error 1
make[1]: Leaving directory `/home/sebas/Documents/UCR/Estructuras/NAO/Proyecto/tests/combination/build-ff/CMakeFiles/CMakeTmp'
make: *** [cmTryCompileExec1008109029/fast] Error 2


Determining if the pthread_create exist failed with the following output:
Change Dir: /home/sebas/Documents/UCR/Estructuras/NAO/Proyecto/tests/combination/build-ff/CMakeFiles/CMakeTmp

Run Build Command:/usr/bin/make "cmTryCompileExec3107564550/fast"
/usr/bin/make -f CMakeFiles/cmTryCompileExec3107564550.dir/build.make CMakeFiles/cmTryCompileExec3107564550.dir/build
make[1]: Entering directory `/home/sebas/Documents/UCR/Estructuras/NAO/Proyecto/tests/combination/build-ff/CMakeFiles/CMakeTmp'
/usr/bin/cmake -E cmake_progress_report /home/sebas/Documents/UCR/Estructuras/NAO/Proyecto/tests/combination/build-ff/CMakeFiles/CMakeTmp/CMakeFiles 1
Building C object CMakeFiles/cmTryCompileExec3107564550.dir/CheckSymbolExists.c.o
/usr/bin/cc    -o CMakeFiles/cmTryCompileExec3107564550.dir/CheckSymbolExists.c.o   -c /home/sebas/Documents/UCR/Estructuras/NAO/Proyecto/tests/combination/build-ff/CMakeFiles/CMakeTmp/CheckSymbolExists.c
Linking C executable cmTryCompileExec3107564550
/usr/bin/cmake -E cmake_link_script CMakeFiles/cmTryCompileExec3107564550.dir/link.txt --verbose=1
/usr/bin/cc       CMakeFiles/cmTryCompileExec3107564550.dir/CheckSymbolExists.c.o  -o cmTryCompileExec3107564550 -rdynamic 
CMakeFiles/cmTryCompileExec3107564550.dir/CheckSymbolExists.c.o: In function `main':
CheckSymbolExists.c:(.text+0x16): undefined reference to `pthread_create'
collect2: error: ld returned 1 exit status
make[1]: *** [cmTryCompileExec3107564550] Error 1
make[1]: Leaving directory `/home/sebas/Documents/UCR/Estructuras/NAO/Proyecto/tests/combination/build-ff/CMakeFiles/CMakeTmp'
make: *** [cmTryCompileExec3107564550/fast] Error 2

File /home/sebas/Documents/UCR/Estructuras/NAO/Proyecto/tests/combination/build-ff/CMakeFiles/CMakeTmp/CheckSymbolExists.c:
/* */
#include <pthread.h>

int main(int argc, char** argv)
{
  (void)argv;
#ifndef pthread_create
  return ((int*)(&pthread_create))[argc];
#else
  (void)argc;
  return 0;
#endif
}

Determining if the function pthread_create exists in the pthreads failed with the following output:
Change Dir: /home/sebas/Documents/UCR/Estructuras/NAO/Proyecto/tests/combination/build-ff/CMakeFiles/CMakeTmp

Run Build Command:/usr/bin/make "cmTryCompileExec69022478/fast"
/usr/bin/make -f CMakeFiles/cmTryCompileExec69022478.dir/build.make CMakeFiles/cmTryCompileExec69022478.dir/build
make[1]: Entering directory `/home/sebas/Documents/UCR/Estructuras/NAO/Proyecto/tests/combination/build-ff/CMakeFiles/CMakeTmp'
/usr/bin/cmake -E cmake_progress_report /home/sebas/Documents/UCR/Estructuras/NAO/Proyecto/tests/combination/build-ff/CMakeFiles/CMakeTmp/CMakeFiles 1
Building C object CMakeFiles/cmTryCompileExec69022478.dir/CheckFunctionExists.c.o
/usr/bin/cc   -DCHECK_FUNCTION_EXISTS=pthread_create   -o CMakeFiles/cmTryCompileExec69022478.dir/CheckFunctionExists.c.o   -c /usr/share/cmake-2.8/Modules/CheckFunctionExists.c
Linking C executable cmTryCompileExec69022478
/usr/bin/cmake -E cmake_link_script CMakeFiles/cmTryCompileExec69022478.dir/link.txt --verbose=1
/usr/bin/cc   -DCHECK_FUNCTION_EXISTS=pthread_create    CMakeFiles/cmTryCompileExec69022478.dir/CheckFunctionExists.c.o  -o cmTryCompileExec69022478 -rdynamic -lpthreads 
/usr/bin/ld: cannot find -lpthreads
collect2: error: ld returned 1 exit status
make[1]: *** [cmTryCompileExec69022478] Error 1
make[1]: Leaving directory `/home/sebas/Documents/UCR/Estructuras/NAO/Proyecto/tests/combination/build-ff/CMakeFiles/CMakeTmp'
make: *** [cmTryCompileExec69022478/fast] Error 2


Determining if the pthread_create exist failed with the following output:
Change Dir: /home/sebas/Documents/UCR/Estructuras/NAO/Proyecto/tests/combination/build-ff/CMakeFiles/CMakeTmp

Run Build Command:/usr/bin/make "cmTryCompileExec825477112/fast"
/usr/bin/make -f CMakeFiles/cmTryCompileExec825477112.dir/build.make CMakeFiles/cmTryCompileExec825477112.dir/build
make[1]: Entering directory `/home/sebas/Documents/UCR/Estructuras/NAO/Proyecto/tests/combination/build-ff/CMakeFiles/CMakeTmp'
/usr/bin/cmake -E cmake_progress_report /home/sebas/Documents/UCR/Estructuras/NAO/Proyecto/tests/combination/build-ff/CMakeFiles/CMakeTmp/CMakeFiles 1
Building C object CMakeFiles/cmTryCompileExec825477112.dir/CheckSymbolExists.c.o
/usr/bin/cc    -o CMakeFiles/cmTryCompileExec825477112.dir/CheckSymbolExists.c.o   -c /home/sebas/Documents/UCR/Estructuras/NAO/Proyecto/tests/combination/build-ff/CMakeFiles/CMakeTmp/CheckSymbolExists.c
Linking C executable cmTryCompileExec825477112
/usr/bin/cmake -E cmake_link_script CMakeFiles/cmTryCompileExec825477112.dir/link.txt --verbose=1
/usr/bin/cc       CMakeFiles/cmTryCompileExec825477112.dir/CheckSymbolExists.c.o  -o cmTryCompileExec825477112 -rdynamic 
CMakeFiles/cmTryCompileExec825477112.dir/CheckSymbolExists.c.o: In function `main':
CheckSymbolExists.c:(.text+0x16): undefined reference to `pthread_create'
collect2: error: ld returned 1 exit status
make[1]: *** [cmTryCompileExec825477112] Error 1
make[1]: Leaving directory `/home/sebas/Documents/UCR/Estructuras/NAO/Proyecto/tests/combination/build-ff/CMakeFiles/CMakeTmp'
make: *** [cmTryCompileExec825477112/fast] Error 2

File /home/sebas/Documents/UCR/Estructuras/NAO/Proyecto/tests/combination/build-ff/CMakeFiles/CMakeTmp/CheckSymbolExists.c:
/* */
#include <pthread.h>

int main(int argc, char** argv)
{
  (void)argv;
#ifndef pthread_create
  return ((int*)(&pthread_create))[argc];
#else
  (void)argc;
  return 0;
#endif
}

Determining if the function pthread_create exists in the pthreads failed with the following output:
Change Dir: /home/sebas/Documents/UCR/Estructuras/NAO/Proyecto/tests/combination/build-ff/CMakeFiles/CMakeTmp

Run Build Command:/usr/bin/make "cmTryCompileExec3890725921/fast"
/usr/bin/make -f CMakeFiles/cmTryCompileExec3890725921.dir/build.make CMakeFiles/cmTryCompileExec3890725921.dir/build
make[1]: Entering directory `/home/sebas/Documents/UCR/Estructuras/NAO/Proyecto/tests/combination/build-ff/CMakeFiles/CMakeTmp'
/usr/bin/cmake -E cmake_progress_report /home/sebas/Documents/UCR/Estructuras/NAO/Proyecto/tests/combination/build-ff/CMakeFiles/CMakeTmp/CMakeFiles 1
Building C object CMakeFiles/cmTryCompileExec3890725921.dir/CheckFunctionExists.c.o
/usr/bin/cc   -DCHECK_FUNCTION_EXISTS=pthread_create   -o CMakeFiles/cmTryCompileExec3890725921.dir/CheckFunctionExists.c.o   -c /usr/share/cmake-2.8/Modules/CheckFunctionExists.c
Linking C executable cmTryCompileExec3890725921
/usr/bin/cmake -E cmake_link_script CMakeFiles/cmTryCompileExec3890725921.dir/link.txt --verbose=1
/usr/bin/cc   -DCHECK_FUNCTION_EXISTS=pthread_create    CMakeFiles/cmTryCompileExec3890725921.dir/CheckFunctionExists.c.o  -o cmTryCompileExec3890725921 -rdynamic -lpthreads 
/usr/bin/ld: cannot find -lpthreads
collect2: error: ld returned 1 exit status
make[1]: *** [cmTryCompileExec3890725921] Error 1
make[1]: Leaving directory `/home/sebas/Documents/UCR/Estructuras/NAO/Proyecto/tests/combination/build-ff/CMakeFiles/CMakeTmp'
make: *** [cmTryCompileExec3890725921/fast] Error 2


Determining if the pthread_create exist failed with the following output:
Change Dir: /home/sebas/Documents/UCR/Estructuras/NAO/Proyecto/tests/combination/build-ff/CMakeFiles/CMakeTmp

Run Build Command:/usr/bin/make "cmTryCompileExec106405776/fast"
/usr/bin/make -f CMakeFiles/cmTryCompileExec106405776.dir/build.make CMakeFiles/cmTryCompileExec106405776.dir/build
make[1]: Entering directory `/home/sebas/Documents/UCR/Estructuras/NAO/Proyecto/tests/combination/build-ff/CMakeFiles/CMakeTmp'
/usr/bin/cmake -E cmake_progress_report /home/sebas/Documents/UCR/Estructuras/NAO/Proyecto/tests/combination/build-ff/CMakeFiles/CMakeTmp/CMakeFiles 1
Building C object CMakeFiles/cmTryCompileExec106405776.dir/CheckSymbolExists.c.o
/usr/bin/cc    -o CMakeFiles/cmTryCompileExec106405776.dir/CheckSymbolExists.c.o   -c /home/sebas/Documents/UCR/Estructuras/NAO/Proyecto/tests/combination/build-ff/CMakeFiles/CMakeTmp/CheckSymbolExists.c
Linking C executable cmTryCompileExec106405776
/usr/bin/cmake -E cmake_link_script CMakeFiles/cmTryCompileExec106405776.dir/link.txt --verbose=1
/usr/bin/cc       CMakeFiles/cmTryCompileExec106405776.dir/CheckSymbolExists.c.o  -o cmTryCompileExec106405776 -rdynamic 
CMakeFiles/cmTryCompileExec106405776.dir/CheckSymbolExists.c.o: In function `main':
CheckSymbolExists.c:(.text+0x16): undefined reference to `pthread_create'
collect2: error: ld returned 1 exit status
make[1]: *** [cmTryCompileExec106405776] Error 1
make[1]: Leaving directory `/home/sebas/Documents/UCR/Estructuras/NAO/Proyecto/tests/combination/build-ff/CMakeFiles/CMakeTmp'
make: *** [cmTryCompileExec106405776/fast] Error 2

File /home/sebas/Documents/UCR/Estructuras/NAO/Proyecto/tests/combination/build-ff/CMakeFiles/CMakeTmp/CheckSymbolExists.c:
/* */
#include <pthread.h>

int main(int argc, char** argv)
{
  (void)argv;
#ifndef pthread_create
  return ((int*)(&pthread_create))[argc];
#else
  (void)argc;
  return 0;
#endif
}

Determining if the function pthread_create exists in the pthreads failed with the following output:
Change Dir: /home/sebas/Documents/UCR/Estructuras/NAO/Proyecto/tests/combination/build-ff/CMakeFiles/CMakeTmp

Run Build Command:/usr/bin/make "cmTryCompileExec381907713/fast"
/usr/bin/make -f CMakeFiles/cmTryCompileExec381907713.dir/build.make CMakeFiles/cmTryCompileExec381907713.dir/build
make[1]: Entering directory `/home/sebas/Documents/UCR/Estructuras/NAO/Proyecto/tests/combination/build-ff/CMakeFiles/CMakeTmp'
/usr/bin/cmake -E cmake_progress_report /home/sebas/Documents/UCR/Estructuras/NAO/Proyecto/tests/combination/build-ff/CMakeFiles/CMakeTmp/CMakeFiles 1
Building C object CMakeFiles/cmTryCompileExec381907713.dir/CheckFunctionExists.c.o
/usr/bin/cc   -DCHECK_FUNCTION_EXISTS=pthread_create   -o CMakeFiles/cmTryCompileExec381907713.dir/CheckFunctionExists.c.o   -c /usr/share/cmake-2.8/Modules/CheckFunctionExists.c
Linking C executable cmTryCompileExec381907713
/usr/bin/cmake -E cmake_link_script CMakeFiles/cmTryCompileExec381907713.dir/link.txt --verbose=1
/usr/bin/cc   -DCHECK_FUNCTION_EXISTS=pthread_create    CMakeFiles/cmTryCompileExec381907713.dir/CheckFunctionExists.c.o  -o cmTryCompileExec381907713 -rdynamic -lpthreads 
/usr/bin/ld: cannot find -lpthreads
collect2: error: ld returned 1 exit status
make[1]: *** [cmTryCompileExec381907713] Error 1
make[1]: Leaving directory `/home/sebas/Documents/UCR/Estructuras/NAO/Proyecto/tests/combination/build-ff/CMakeFiles/CMakeTmp'
make: *** [cmTryCompileExec381907713/fast] Error 2


Determining if the pthread_create exist failed with the following output:
Change Dir: /home/sebas/Documents/UCR/Estructuras/NAO/Proyecto/tests/combination/build-ff/CMakeFiles/CMakeTmp

Run Build Command:/usr/bin/make "cmTryCompileExec593784672/fast"
/usr/bin/make -f CMakeFiles/cmTryCompileExec593784672.dir/build.make CMakeFiles/cmTryCompileExec593784672.dir/build
make[1]: Entering directory `/home/sebas/Documents/UCR/Estructuras/NAO/Proyecto/tests/combination/build-ff/CMakeFiles/CMakeTmp'
/usr/bin/cmake -E cmake_progress_report /home/sebas/Documents/UCR/Estructuras/NAO/Proyecto/tests/combination/build-ff/CMakeFiles/CMakeTmp/CMakeFiles 1
Building C object CMakeFiles/cmTryCompileExec593784672.dir/CheckSymbolExists.c.o
/usr/bin/cc    -o CMakeFiles/cmTryCompileExec593784672.dir/CheckSymbolExists.c.o   -c /home/sebas/Documents/UCR/Estructuras/NAO/Proyecto/tests/combination/build-ff/CMakeFiles/CMakeTmp/CheckSymbolExists.c
Linking C executable cmTryCompileExec593784672
/usr/bin/cmake -E cmake_link_script CMakeFiles/cmTryCompileExec593784672.dir/link.txt --verbose=1
/usr/bin/cc       CMakeFiles/cmTryCompileExec593784672.dir/CheckSymbolExists.c.o  -o cmTryCompileExec593784672 -rdynamic 
CMakeFiles/cmTryCompileExec593784672.dir/CheckSymbolExists.c.o: In function `main':
CheckSymbolExists.c:(.text+0x16): undefined reference to `pthread_create'
collect2: error: ld returned 1 exit status
make[1]: *** [cmTryCompileExec593784672] Error 1
make[1]: Leaving directory `/home/sebas/Documents/UCR/Estructuras/NAO/Proyecto/tests/combination/build-ff/CMakeFiles/CMakeTmp'
make: *** [cmTryCompileExec593784672/fast] Error 2

File /home/sebas/Documents/UCR/Estructuras/NAO/Proyecto/tests/combination/build-ff/CMakeFiles/CMakeTmp/CheckSymbolExists.c:
/* */
#include <pthread.h>

int main(int argc, char** argv)
{
  (void)argv;
#ifndef pthread_create
  return ((int*)(&pthread_create))[argc];
#else
  (void)argc;
  return 0;
#endif
}

Determining if the function pthread_create exists in the pthreads failed with the following output:
Change Dir: /home/sebas/Documents/UCR/Estructuras/NAO/Proyecto/tests/combination/build-ff/CMakeFiles/CMakeTmp

Run Build Command:/usr/bin/make "cmTryCompileExec3546635428/fast"
/usr/bin/make -f CMakeFiles/cmTryCompileExec3546635428.dir/build.make CMakeFiles/cmTryCompileExec3546635428.dir/build
make[1]: Entering directory `/home/sebas/Documents/UCR/Estructuras/NAO/Proyecto/tests/combination/build-ff/CMakeFiles/CMakeTmp'
/usr/bin/cmake -E cmake_progress_report /home/sebas/Documents/UCR/Estructuras/NAO/Proyecto/tests/combination/build-ff/CMakeFiles/CMakeTmp/CMakeFiles 1
Building C object CMakeFiles/cmTryCompileExec3546635428.dir/CheckFunctionExists.c.o
/usr/bin/cc   -DCHECK_FUNCTION_EXISTS=pthread_create   -o CMakeFiles/cmTryCompileExec3546635428.dir/CheckFunctionExists.c.o   -c /usr/share/cmake-2.8/Modules/CheckFunctionExists.c
Linking C executable cmTryCompileExec3546635428
/usr/bin/cmake -E cmake_link_script CMakeFiles/cmTryCompileExec3546635428.dir/link.txt --verbose=1
/usr/bin/cc   -DCHECK_FUNCTION_EXISTS=pthread_create    CMakeFiles/cmTryCompileExec3546635428.dir/CheckFunctionExists.c.o  -o cmTryCompileExec3546635428 -rdynamic -lpthreads 
/usr/bin/ld: cannot find -lpthreads
collect2: error: ld returned 1 exit status
make[1]: *** [cmTryCompileExec3546635428] Error 1
make[1]: Leaving directory `/home/sebas/Documents/UCR/Estructuras/NAO/Proyecto/tests/combination/build-ff/CMakeFiles/CMakeTmp'
make: *** [cmTryCompileExec3546635428/fast] Error 2


Determining if the pthread_create exist failed with the following output:
Change Dir: /home/sebas/Documents/UCR/Estructuras/NAO/Proyecto/tests/combination/build-ff/CMakeFiles/CMakeTmp

Run Build Command:/usr/bin/make "cmTryCompileExec4149296056/fast"
/usr/bin/make -f CMakeFiles/cmTryCompileExec4149296056.dir/build.make CMakeFiles/cmTryCompileExec4149296056.dir/build
make[1]: Entering directory `/home/sebas/Documents/UCR/Estructuras/NAO/Proyecto/tests/combination/build-ff/CMakeFiles/CMakeTmp'
/usr/bin/cmake -E cmake_progress_report /home/sebas/Documents/UCR/Estructuras/NAO/Proyecto/tests/combination/build-ff/CMakeFiles/CMakeTmp/CMakeFiles 1
Building C object CMakeFiles/cmTryCompileExec4149296056.dir/CheckSymbolExists.c.o
/usr/bin/cc    -o CMakeFiles/cmTryCompileExec4149296056.dir/CheckSymbolExists.c.o   -c /home/sebas/Documents/UCR/Estructuras/NAO/Proyecto/tests/combination/build-ff/CMakeFiles/CMakeTmp/CheckSymbolExists.c
Linking C executable cmTryCompileExec4149296056
/usr/bin/cmake -E cmake_link_script CMakeFiles/cmTryCompileExec4149296056.dir/link.txt --verbose=1
/usr/bin/cc       CMakeFiles/cmTryCompileExec4149296056.dir/CheckSymbolExists.c.o  -o cmTryCompileExec4149296056 -rdynamic 
CMakeFiles/cmTryCompileExec4149296056.dir/CheckSymbolExists.c.o: In function `main':
CheckSymbolExists.c:(.text+0x16): undefined reference to `pthread_create'
collect2: error: ld returned 1 exit status
make[1]: Leaving directory `/home/sebas/Documents/UCR/Estructuras/NAO/Proyecto/tests/combination/build-ff/CMakeFiles/CMakeTmp'
make[1]: *** [cmTryCompileExec4149296056] Error 1
make: *** [cmTryCompileExec4149296056/fast] Error 2

File /home/sebas/Documents/UCR/Estructuras/NAO/Proyecto/tests/combination/build-ff/CMakeFiles/CMakeTmp/CheckSymbolExists.c:
/* */
#include <pthread.h>

int main(int argc, char** argv)
{
  (void)argv;
#ifndef pthread_create
  return ((int*)(&pthread_create))[argc];
#else
  (void)argc;
  return 0;
#endif
}

Determining if the function pthread_create exists in the pthreads failed with the following output:
Change Dir: /home/sebas/Documents/UCR/Estructuras/NAO/Proyecto/tests/combination/build-ff/CMakeFiles/CMakeTmp

Run Build Command:/usr/bin/make "cmTryCompileExec1664419515/fast"
/usr/bin/make -f CMakeFiles/cmTryCompileExec1664419515.dir/build.make CMakeFiles/cmTryCompileExec1664419515.dir/build
make[1]: Entering directory `/home/sebas/Documents/UCR/Estructuras/NAO/Proyecto/tests/combination/build-ff/CMakeFiles/CMakeTmp'
/usr/bin/cmake -E cmake_progress_report /home/sebas/Documents/UCR/Estructuras/NAO/Proyecto/tests/combination/build-ff/CMakeFiles/CMakeTmp/CMakeFiles 1
Building C object CMakeFiles/cmTryCompileExec1664419515.dir/CheckFunctionExists.c.o
/usr/bin/cc   -DCHECK_FUNCTION_EXISTS=pthread_create   -o CMakeFiles/cmTryCompileExec1664419515.dir/CheckFunctionExists.c.o   -c /usr/share/cmake-2.8/Modules/CheckFunctionExists.c
Linking C executable cmTryCompileExec1664419515
/usr/bin/cmake -E cmake_link_script CMakeFiles/cmTryCompileExec1664419515.dir/link.txt --verbose=1
/usr/bin/cc   -DCHECK_FUNCTION_EXISTS=pthread_create    CMakeFiles/cmTryCompileExec1664419515.dir/CheckFunctionExists.c.o  -o cmTryCompileExec1664419515 -rdynamic -lpthreads 
/usr/bin/ld: cannot find -lpthreads
collect2: error: ld returned 1 exit status
make[1]: *** [cmTryCompileExec1664419515] Error 1
make[1]: Leaving directory `/home/sebas/Documents/UCR/Estructuras/NAO/Proyecto/tests/combination/build-ff/CMakeFiles/CMakeTmp'
make: *** [cmTryCompileExec1664419515/fast] Error 2


Determining if the pthread_create exist failed with the following output:
Change Dir: /home/sebas/Documents/UCR/Estructuras/NAO/Proyecto/tests/combination/build-ff/CMakeFiles/CMakeTmp

Run Build Command:/usr/bin/make "cmTryCompileExec1143221521/fast"
/usr/bin/make -f CMakeFiles/cmTryCompileExec1143221521.dir/build.make CMakeFiles/cmTryCompileExec1143221521.dir/build
make[1]: Entering directory `/home/sebas/Documents/UCR/Estructuras/NAO/Proyecto/tests/combination/build-ff/CMakeFiles/CMakeTmp'
/usr/bin/cmake -E cmake_progress_report /home/sebas/Documents/UCR/Estructuras/NAO/Proyecto/tests/combination/build-ff/CMakeFiles/CMakeTmp/CMakeFiles 1
Building C object CMakeFiles/cmTryCompileExec1143221521.dir/CheckSymbolExists.c.o
/usr/bin/cc    -o CMakeFiles/cmTryCompileExec1143221521.dir/CheckSymbolExists.c.o   -c /home/sebas/Documents/UCR/Estructuras/NAO/Proyecto/tests/combination/build-ff/CMakeFiles/CMakeTmp/CheckSymbolExists.c
Linking C executable cmTryCompileExec1143221521
/usr/bin/cmake -E cmake_link_script CMakeFiles/cmTryCompileExec1143221521.dir/link.txt --verbose=1
/usr/bin/cc       CMakeFiles/cmTryCompileExec1143221521.dir/CheckSymbolExists.c.o  -o cmTryCompileExec1143221521 -rdynamic 
CMakeFiles/cmTryCompileExec1143221521.dir/CheckSymbolExists.c.o: In function `main':
CheckSymbolExists.c:(.text+0x16): undefined reference to `pthread_create'
collect2: error: ld returned 1 exit status
make[1]: *** [cmTryCompileExec1143221521] Error 1
make[1]: Leaving directory `/home/sebas/Documents/UCR/Estructuras/NAO/Proyecto/tests/combination/build-ff/CMakeFiles/CMakeTmp'
make: *** [cmTryCompileExec1143221521/fast] Error 2

File /home/sebas/Documents/UCR/Estructuras/NAO/Proyecto/tests/combination/build-ff/CMakeFiles/CMakeTmp/CheckSymbolExists.c:
/* */
#include <pthread.h>

int main(int argc, char** argv)
{
  (void)argv;
#ifndef pthread_create
  return ((int*)(&pthread_create))[argc];
#else
  (void)argc;
  return 0;
#endif
}

Determining if the function pthread_create exists in the pthreads failed with the following output:
Change Dir: /home/sebas/Documents/UCR/Estructuras/NAO/Proyecto/tests/combination/build-ff/CMakeFiles/CMakeTmp

Run Build Command:/usr/bin/make "cmTryCompileExec3078698775/fast"
/usr/bin/make -f CMakeFiles/cmTryCompileExec3078698775.dir/build.make CMakeFiles/cmTryCompileExec3078698775.dir/build
make[1]: Entering directory `/home/sebas/Documents/UCR/Estructuras/NAO/Proyecto/tests/combination/build-ff/CMakeFiles/CMakeTmp'
/usr/bin/cmake -E cmake_progress_report /home/sebas/Documents/UCR/Estructuras/NAO/Proyecto/tests/combination/build-ff/CMakeFiles/CMakeTmp/CMakeFiles 1
Building C object CMakeFiles/cmTryCompileExec3078698775.dir/CheckFunctionExists.c.o
/usr/bin/cc   -DCHECK_FUNCTION_EXISTS=pthread_create   -o CMakeFiles/cmTryCompileExec3078698775.dir/CheckFunctionExists.c.o   -c /usr/share/cmake-2.8/Modules/CheckFunctionExists.c
Linking C executable cmTryCompileExec3078698775
/usr/bin/cmake -E cmake_link_script CMakeFiles/cmTryCompileExec3078698775.dir/link.txt --verbose=1
/usr/bin/cc   -DCHECK_FUNCTION_EXISTS=pthread_create    CMakeFiles/cmTryCompileExec3078698775.dir/CheckFunctionExists.c.o  -o cmTryCompileExec3078698775 -rdynamic -lpthreads 
/usr/bin/ld: cannot find -lpthreads
collect2: error: ld returned 1 exit status
make[1]: Leaving directory `/home/sebas/Documents/UCR/Estructuras/NAO/Proyecto/tests/combination/build-ff/CMakeFiles/CMakeTmp'
make[1]: *** [cmTryCompileExec3078698775] Error 1
make: *** [cmTryCompileExec3078698775/fast] Error 2


Determining if the pthread_create exist failed with the following output:
Change Dir: /home/sebas/Documents/UCR/Estructuras/NAO/Proyecto/tests/combination/build-ff/CMakeFiles/CMakeTmp

Run Build Command:/usr/bin/make "cmTryCompileExec2934752815/fast"
/usr/bin/make -f CMakeFiles/cmTryCompileExec2934752815.dir/build.make CMakeFiles/cmTryCompileExec2934752815.dir/build
make[1]: Entering directory `/home/sebas/Documents/UCR/Estructuras/NAO/Proyecto/tests/combination/build-ff/CMakeFiles/CMakeTmp'
/usr/bin/cmake -E cmake_progress_report /home/sebas/Documents/UCR/Estructuras/NAO/Proyecto/tests/combination/build-ff/CMakeFiles/CMakeTmp/CMakeFiles 1
Building C object CMakeFiles/cmTryCompileExec2934752815.dir/CheckSymbolExists.c.o
/usr/bin/cc    -o CMakeFiles/cmTryCompileExec2934752815.dir/CheckSymbolExists.c.o   -c /home/sebas/Documents/UCR/Estructuras/NAO/Proyecto/tests/combination/build-ff/CMakeFiles/CMakeTmp/CheckSymbolExists.c
Linking C executable cmTryCompileExec2934752815
/usr/bin/cmake -E cmake_link_script CMakeFiles/cmTryCompileExec2934752815.dir/link.txt --verbose=1
/usr/bin/cc       CMakeFiles/cmTryCompileExec2934752815.dir/CheckSymbolExists.c.o  -o cmTryCompileExec2934752815 -rdynamic 
CMakeFiles/cmTryCompileExec2934752815.dir/CheckSymbolExists.c.o: In function `main':
CheckSymbolExists.c:(.text+0x16): undefined reference to `pthread_create'
collect2: error: ld returned 1 exit status
make[1]: *** [cmTryCompileExec2934752815] Error 1
make[1]: Leaving directory `/home/sebas/Documents/UCR/Estructuras/NAO/Proyecto/tests/combination/build-ff/CMakeFiles/CMakeTmp'
make: *** [cmTryCompileExec2934752815/fast] Error 2

File /home/sebas/Documents/UCR/Estructuras/NAO/Proyecto/tests/combination/build-ff/CMakeFiles/CMakeTmp/CheckSymbolExists.c:
/* */
#include <pthread.h>

int main(int argc, char** argv)
{
  (void)argv;
#ifndef pthread_create
  return ((int*)(&pthread_create))[argc];
#else
  (void)argc;
  return 0;
#endif
}

Determining if the function pthread_create exists in the pthreads failed with the following output:
Change Dir: /home/sebas/Documents/UCR/Estructuras/NAO/Proyecto/tests/combination/build-ff/CMakeFiles/CMakeTmp

Run Build Command:/usr/bin/make "cmTryCompileExec1168417967/fast"
/usr/bin/make -f CMakeFiles/cmTryCompileExec1168417967.dir/build.make CMakeFiles/cmTryCompileExec1168417967.dir/build
make[1]: Entering directory `/home/sebas/Documents/UCR/Estructuras/NAO/Proyecto/tests/combination/build-ff/CMakeFiles/CMakeTmp'
/usr/bin/cmake -E cmake_progress_report /home/sebas/Documents/UCR/Estructuras/NAO/Proyecto/tests/combination/build-ff/CMakeFiles/CMakeTmp/CMakeFiles 1
Building C object CMakeFiles/cmTryCompileExec1168417967.dir/CheckFunctionExists.c.o
/usr/bin/cc   -DCHECK_FUNCTION_EXISTS=pthread_create   -o CMakeFiles/cmTryCompileExec1168417967.dir/CheckFunctionExists.c.o   -c /usr/share/cmake-2.8/Modules/CheckFunctionExists.c
Linking C executable cmTryCompileExec1168417967
/usr/bin/cmake -E cmake_link_script CMakeFiles/cmTryCompileExec1168417967.dir/link.txt --verbose=1
/usr/bin/cc   -DCHECK_FUNCTION_EXISTS=pthread_create    CMakeFiles/cmTryCompileExec1168417967.dir/CheckFunctionExists.c.o  -o cmTryCompileExec1168417967 -rdynamic -lpthreads 
/usr/bin/ld: cannot find -lpthreads
collect2: error: ld returned 1 exit status
make[1]: *** [cmTryCompileExec1168417967] Error 1
make[1]: Leaving directory `/home/sebas/Documents/UCR/Estructuras/NAO/Proyecto/tests/combination/build-ff/CMakeFiles/CMakeTmp'
make: *** [cmTryCompileExec1168417967/fast] Error 2


Determining if the pthread_create exist failed with the following output:
Change Dir: /home/sebas/Documents/UCR/Estructuras/NAO/Proyecto/tests/combination/build-ff/CMakeFiles/CMakeTmp

Run Build Command:/usr/bin/make "cmTryCompileExec2472386488/fast"
/usr/bin/make -f CMakeFiles/cmTryCompileExec2472386488.dir/build.make CMakeFiles/cmTryCompileExec2472386488.dir/build
make[1]: Entering directory `/home/sebas/Documents/UCR/Estructuras/NAO/Proyecto/tests/combination/build-ff/CMakeFiles/CMakeTmp'
/usr/bin/cmake -E cmake_progress_report /home/sebas/Documents/UCR/Estructuras/NAO/Proyecto/tests/combination/build-ff/CMakeFiles/CMakeTmp/CMakeFiles 1
Building C object CMakeFiles/cmTryCompileExec2472386488.dir/CheckSymbolExists.c.o
/usr/bin/cc    -o CMakeFiles/cmTryCompileExec2472386488.dir/CheckSymbolExists.c.o   -c /home/sebas/Documents/UCR/Estructuras/NAO/Proyecto/tests/combination/build-ff/CMakeFiles/CMakeTmp/CheckSymbolExists.c
Linking C executable cmTryCompileExec2472386488
/usr/bin/cmake -E cmake_link_script CMakeFiles/cmTryCompileExec2472386488.dir/link.txt --verbose=1
/usr/bin/cc       CMakeFiles/cmTryCompileExec2472386488.dir/CheckSymbolExists.c.o  -o cmTryCompileExec2472386488 -rdynamic 
CMakeFiles/cmTryCompileExec2472386488.dir/CheckSymbolExists.c.o: In function `main':
CheckSymbolExists.c:(.text+0x16): undefined reference to `pthread_create'
collect2: error: ld returned 1 exit status
make[1]: Leaving directory `/home/sebas/Documents/UCR/Estructuras/NAO/Proyecto/tests/combination/build-ff/CMakeFiles/CMakeTmp'
make[1]: *** [cmTryCompileExec2472386488] Error 1
make: *** [cmTryCompileExec2472386488/fast] Error 2

File /home/sebas/Documents/UCR/Estructuras/NAO/Proyecto/tests/combination/build-ff/CMakeFiles/CMakeTmp/CheckSymbolExists.c:
/* */
#include <pthread.h>

int main(int argc, char** argv)
{
  (void)argv;
#ifndef pthread_create
  return ((int*)(&pthread_create))[argc];
#else
  (void)argc;
  return 0;
#endif
}

Determining if the function pthread_create exists in the pthreads failed with the following output:
Change Dir: /home/sebas/Documents/UCR/Estructuras/NAO/Proyecto/tests/combination/build-ff/CMakeFiles/CMakeTmp

Run Build Command:/usr/bin/make "cmTryCompileExec964777269/fast"
/usr/bin/make -f CMakeFiles/cmTryCompileExec964777269.dir/build.make CMakeFiles/cmTryCompileExec964777269.dir/build
make[1]: Entering directory `/home/sebas/Documents/UCR/Estructuras/NAO/Proyecto/tests/combination/build-ff/CMakeFiles/CMakeTmp'
/usr/bin/cmake -E cmake_progress_report /home/sebas/Documents/UCR/Estructuras/NAO/Proyecto/tests/combination/build-ff/CMakeFiles/CMakeTmp/CMakeFiles 1
Building C object CMakeFiles/cmTryCompileExec964777269.dir/CheckFunctionExists.c.o
/usr/bin/cc   -DCHECK_FUNCTION_EXISTS=pthread_create   -o CMakeFiles/cmTryCompileExec964777269.dir/CheckFunctionExists.c.o   -c /usr/share/cmake-2.8/Modules/CheckFunctionExists.c
Linking C executable cmTryCompileExec964777269
/usr/bin/cmake -E cmake_link_script CMakeFiles/cmTryCompileExec964777269.dir/link.txt --verbose=1
/usr/bin/cc   -DCHECK_FUNCTION_EXISTS=pthread_create    CMakeFiles/cmTryCompileExec964777269.dir/CheckFunctionExists.c.o  -o cmTryCompileExec964777269 -rdynamic -lpthreads 
/usr/bin/ld: cannot find -lpthreads
collect2: error: ld returned 1 exit status
make[1]: *** [cmTryCompileExec964777269] Error 1
make[1]: Leaving directory `/home/sebas/Documents/UCR/Estructuras/NAO/Proyecto/tests/combination/build-ff/CMakeFiles/CMakeTmp'
make: *** [cmTryCompileExec964777269/fast] Error 2


Determining if the pthread_create exist failed with the following output:
Change Dir: /home/sebas/Documents/UCR/Estructuras/NAO/Proyecto/tests/combination/build-ff/CMakeFiles/CMakeTmp

Run Build Command:/usr/bin/make "cmTryCompileExec4153373465/fast"
/usr/bin/make -f CMakeFiles/cmTryCompileExec4153373465.dir/build.make CMakeFiles/cmTryCompileExec4153373465.dir/build
make[1]: Entering directory `/home/sebas/Documents/UCR/Estructuras/NAO/Proyecto/tests/combination/build-ff/CMakeFiles/CMakeTmp'
/usr/bin/cmake -E cmake_progress_report /home/sebas/Documents/UCR/Estructuras/NAO/Proyecto/tests/combination/build-ff/CMakeFiles/CMakeTmp/CMakeFiles 1
Building C object CMakeFiles/cmTryCompileExec4153373465.dir/CheckSymbolExists.c.o
/usr/bin/cc    -o CMakeFiles/cmTryCompileExec4153373465.dir/CheckSymbolExists.c.o   -c /home/sebas/Documents/UCR/Estructuras/NAO/Proyecto/tests/combination/build-ff/CMakeFiles/CMakeTmp/CheckSymbolExists.c
Linking C executable cmTryCompileExec4153373465
/usr/bin/cmake -E cmake_link_script CMakeFiles/cmTryCompileExec4153373465.dir/link.txt --verbose=1
/usr/bin/cc       CMakeFiles/cmTryCompileExec4153373465.dir/CheckSymbolExists.c.o  -o cmTryCompileExec4153373465 -rdynamic 
CMakeFiles/cmTryCompileExec4153373465.dir/CheckSymbolExists.c.o: In function `main':
CheckSymbolExists.c:(.text+0x16): undefined reference to `pthread_create'
collect2: error: ld returned 1 exit status
make[1]: Leaving directory `/home/sebas/Documents/UCR/Estructuras/NAO/Proyecto/tests/combination/build-ff/CMakeFiles/CMakeTmp'
make[1]: *** [cmTryCompileExec4153373465] Error 1
make: *** [cmTryCompileExec4153373465/fast] Error 2

File /home/sebas/Documents/UCR/Estructuras/NAO/Proyecto/tests/combination/build-ff/CMakeFiles/CMakeTmp/CheckSymbolExists.c:
/* */
#include <pthread.h>

int main(int argc, char** argv)
{
  (void)argv;
#ifndef pthread_create
  return ((int*)(&pthread_create))[argc];
#else
  (void)argc;
  return 0;
#endif
}

Determining if the function pthread_create exists in the pthreads failed with the following output:
Change Dir: /home/sebas/Documents/UCR/Estructuras/NAO/Proyecto/tests/combination/build-ff/CMakeFiles/CMakeTmp

Run Build Command:/usr/bin/make "cmTryCompileExec64694284/fast"
/usr/bin/make -f CMakeFiles/cmTryCompileExec64694284.dir/build.make CMakeFiles/cmTryCompileExec64694284.dir/build
make[1]: Entering directory `/home/sebas/Documents/UCR/Estructuras/NAO/Proyecto/tests/combination/build-ff/CMakeFiles/CMakeTmp'
/usr/bin/cmake -E cmake_progress_report /home/sebas/Documents/UCR/Estructuras/NAO/Proyecto/tests/combination/build-ff/CMakeFiles/CMakeTmp/CMakeFiles 1
Building C object CMakeFiles/cmTryCompileExec64694284.dir/CheckFunctionExists.c.o
/usr/bin/cc   -DCHECK_FUNCTION_EXISTS=pthread_create   -o CMakeFiles/cmTryCompileExec64694284.dir/CheckFunctionExists.c.o   -c /usr/share/cmake-2.8/Modules/CheckFunctionExists.c
Linking C executable cmTryCompileExec64694284
/usr/bin/cmake -E cmake_link_script CMakeFiles/cmTryCompileExec64694284.dir/link.txt --verbose=1
/usr/bin/cc   -DCHECK_FUNCTION_EXISTS=pthread_create    CMakeFiles/cmTryCompileExec64694284.dir/CheckFunctionExists.c.o  -o cmTryCompileExec64694284 -rdynamic -lpthreads 
/usr/bin/ld: cannot find -lpthreads
collect2: error: ld returned 1 exit status
make[1]: *** [cmTryCompileExec64694284] Error 1
make[1]: Leaving directory `/home/sebas/Documents/UCR/Estructuras/NAO/Proyecto/tests/combination/build-ff/CMakeFiles/CMakeTmp'
make: *** [cmTryCompileExec64694284/fast] Error 2


Determining if the pthread_create exist failed with the following output:
Change Dir: /home/sebas/Documents/UCR/Estructuras/NAO/Proyecto/tests/combination/build-ff/CMakeFiles/CMakeTmp

Run Build Command:/usr/bin/make "cmTryCompileExec3472760272/fast"
/usr/bin/make -f CMakeFiles/cmTryCompileExec3472760272.dir/build.make CMakeFiles/cmTryCompileExec3472760272.dir/build
make[1]: Entering directory `/home/sebas/Documents/UCR/Estructuras/NAO/Proyecto/tests/combination/build-ff/CMakeFiles/CMakeTmp'
/usr/bin/cmake -E cmake_progress_report /home/sebas/Documents/UCR/Estructuras/NAO/Proyecto/tests/combination/build-ff/CMakeFiles/CMakeTmp/CMakeFiles 1
Building C object CMakeFiles/cmTryCompileExec3472760272.dir/CheckSymbolExists.c.o
/usr/bin/cc    -o CMakeFiles/cmTryCompileExec3472760272.dir/CheckSymbolExists.c.o   -c /home/sebas/Documents/UCR/Estructuras/NAO/Proyecto/tests/combination/build-ff/CMakeFiles/CMakeTmp/CheckSymbolExists.c
Linking C executable cmTryCompileExec3472760272
/usr/bin/cmake -E cmake_link_script CMakeFiles/cmTryCompileExec3472760272.dir/link.txt --verbose=1
/usr/bin/cc       CMakeFiles/cmTryCompileExec3472760272.dir/CheckSymbolExists.c.o  -o cmTryCompileExec3472760272 -rdynamic 
CMakeFiles/cmTryCompileExec3472760272.dir/CheckSymbolExists.c.o: In function `main':
CheckSymbolExists.c:(.text+0x16): undefined reference to `pthread_create'
collect2: error: ld returned 1 exit status
make[1]: *** [cmTryCompileExec3472760272] Error 1
make[1]: Leaving directory `/home/sebas/Documents/UCR/Estructuras/NAO/Proyecto/tests/combination/build-ff/CMakeFiles/CMakeTmp'
make: *** [cmTryCompileExec3472760272/fast] Error 2

File /home/sebas/Documents/UCR/Estructuras/NAO/Proyecto/tests/combination/build-ff/CMakeFiles/CMakeTmp/CheckSymbolExists.c:
/* */
#include <pthread.h>

int main(int argc, char** argv)
{
  (void)argv;
#ifndef pthread_create
  return ((int*)(&pthread_create))[argc];
#else
  (void)argc;
  return 0;
#endif
}

Determining if the function pthread_create exists in the pthreads failed with the following output:
Change Dir: /home/sebas/Documents/UCR/Estructuras/NAO/Proyecto/tests/combination/build-ff/CMakeFiles/CMakeTmp

Run Build Command:/usr/bin/make "cmTryCompileExec1882832395/fast"
/usr/bin/make -f CMakeFiles/cmTryCompileExec1882832395.dir/build.make CMakeFiles/cmTryCompileExec1882832395.dir/build
make[1]: Entering directory `/home/sebas/Documents/UCR/Estructuras/NAO/Proyecto/tests/combination/build-ff/CMakeFiles/CMakeTmp'
/usr/bin/cmake -E cmake_progress_report /home/sebas/Documents/UCR/Estructuras/NAO/Proyecto/tests/combination/build-ff/CMakeFiles/CMakeTmp/CMakeFiles 1
Building C object CMakeFiles/cmTryCompileExec1882832395.dir/CheckFunctionExists.c.o
/usr/bin/cc   -DCHECK_FUNCTION_EXISTS=pthread_create   -o CMakeFiles/cmTryCompileExec1882832395.dir/CheckFunctionExists.c.o   -c /usr/share/cmake-2.8/Modules/CheckFunctionExists.c
Linking C executable cmTryCompileExec1882832395
/usr/bin/cmake -E cmake_link_script CMakeFiles/cmTryCompileExec1882832395.dir/link.txt --verbose=1
/usr/bin/cc   -DCHECK_FUNCTION_EXISTS=pthread_create    CMakeFiles/cmTryCompileExec1882832395.dir/CheckFunctionExists.c.o  -o cmTryCompileExec1882832395 -rdynamic -lpthreads 
/usr/bin/ld: cannot find -lpthreads
collect2: error: ld returned 1 exit status
make[1]: *** [cmTryCompileExec1882832395] Error 1
make[1]: Leaving directory `/home/sebas/Documents/UCR/Estructuras/NAO/Proyecto/tests/combination/build-ff/CMakeFiles/CMakeTmp'
make: *** [cmTryCompileExec1882832395/fast] Error 2


Determining if the pthread_create exist failed with the following output:
Change Dir: /home/sebas/Documents/UCR/Estructuras/NAO/Proyecto/tests/combination/build-ff/CMakeFiles/CMakeTmp

Run Build Command:/usr/bin/make "cmTryCompileExec2599891010/fast"
/usr/bin/make -f CMakeFiles/cmTryCompileExec2599891010.dir/build.make CMakeFiles/cmTryCompileExec2599891010.dir/build
make[1]: Entering directory `/home/sebas/Documents/UCR/Estructuras/NAO/Proyecto/tests/combination/build-ff/CMakeFiles/CMakeTmp'
/usr/bin/cmake -E cmake_progress_report /home/sebas/Documents/UCR/Estructuras/NAO/Proyecto/tests/combination/build-ff/CMakeFiles/CMakeTmp/CMakeFiles 1
Building C object CMakeFiles/cmTryCompileExec2599891010.dir/CheckSymbolExists.c.o
/usr/bin/cc    -o CMakeFiles/cmTryCompileExec2599891010.dir/CheckSymbolExists.c.o   -c /home/sebas/Documents/UCR/Estructuras/NAO/Proyecto/tests/combination/build-ff/CMakeFiles/CMakeTmp/CheckSymbolExists.c
Linking C executable cmTryCompileExec2599891010
/usr/bin/cmake -E cmake_link_script CMakeFiles/cmTryCompileExec2599891010.dir/link.txt --verbose=1
/usr/bin/cc       CMakeFiles/cmTryCompileExec2599891010.dir/CheckSymbolExists.c.o  -o cmTryCompileExec2599891010 -rdynamic 
CMakeFiles/cmTryCompileExec2599891010.dir/CheckSymbolExists.c.o: In function `main':
CheckSymbolExists.c:(.text+0x16): undefined reference to `pthread_create'
collect2: error: ld returned 1 exit status
make[1]: *** [cmTryCompileExec2599891010] Error 1
make[1]: Leaving directory `/home/sebas/Documents/UCR/Estructuras/NAO/Proyecto/tests/combination/build-ff/CMakeFiles/CMakeTmp'
make: *** [cmTryCompileExec2599891010/fast] Error 2

File /home/sebas/Documents/UCR/Estructuras/NAO/Proyecto/tests/combination/build-ff/CMakeFiles/CMakeTmp/CheckSymbolExists.c:
/* */
#include <pthread.h>

int main(int argc, char** argv)
{
  (void)argv;
#ifndef pthread_create
  return ((int*)(&pthread_create))[argc];
#else
  (void)argc;
  return 0;
#endif
}

Determining if the function pthread_create exists in the pthreads failed with the following output:
Change Dir: /home/sebas/Documents/UCR/Estructuras/NAO/Proyecto/tests/combination/build-ff/CMakeFiles/CMakeTmp

Run Build Command:/usr/bin/make "cmTryCompileExec3102958285/fast"
/usr/bin/make -f CMakeFiles/cmTryCompileExec3102958285.dir/build.make CMakeFiles/cmTryCompileExec3102958285.dir/build
make[1]: Entering directory `/home/sebas/Documents/UCR/Estructuras/NAO/Proyecto/tests/combination/build-ff/CMakeFiles/CMakeTmp'
/usr/bin/cmake -E cmake_progress_report /home/sebas/Documents/UCR/Estructuras/NAO/Proyecto/tests/combination/build-ff/CMakeFiles/CMakeTmp/CMakeFiles 1
Building C object CMakeFiles/cmTryCompileExec3102958285.dir/CheckFunctionExists.c.o
/usr/bin/cc   -DCHECK_FUNCTION_EXISTS=pthread_create   -o CMakeFiles/cmTryCompileExec3102958285.dir/CheckFunctionExists.c.o   -c /usr/share/cmake-2.8/Modules/CheckFunctionExists.c
Linking C executable cmTryCompileExec3102958285
/usr/bin/cmake -E cmake_link_script CMakeFiles/cmTryCompileExec3102958285.dir/link.txt --verbose=1
/usr/bin/cc   -DCHECK_FUNCTION_EXISTS=pthread_create    CMakeFiles/cmTryCompileExec3102958285.dir/CheckFunctionExists.c.o  -o cmTryCompileExec3102958285 -rdynamic -lpthreads 
/usr/bin/ld: cannot find -lpthreads
collect2: error: ld returned 1 exit status
make[1]: *** [cmTryCompileExec3102958285] Error 1
make[1]: Leaving directory `/home/sebas/Documents/UCR/Estructuras/NAO/Proyecto/tests/combination/build-ff/CMakeFiles/CMakeTmp'
make: *** [cmTryCompileExec3102958285/fast] Error 2


Determining if the pthread_create exist failed with the following output:
Change Dir: /home/sebas/Documents/UCR/Estructuras/NAO/Proyecto/tests/combination/build-ff/CMakeFiles/CMakeTmp

Run Build Command:/usr/bin/make "cmTryCompileExec2612142711/fast"
/usr/bin/make -f CMakeFiles/cmTryCompileExec2612142711.dir/build.make CMakeFiles/cmTryCompileExec2612142711.dir/build
make[1]: Entering directory `/home/sebas/Documents/UCR/Estructuras/NAO/Proyecto/tests/combination/build-ff/CMakeFiles/CMakeTmp'
/usr/bin/cmake -E cmake_progress_report /home/sebas/Documents/UCR/Estructuras/NAO/Proyecto/tests/combination/build-ff/CMakeFiles/CMakeTmp/CMakeFiles 1
Building C object CMakeFiles/cmTryCompileExec2612142711.dir/CheckSymbolExists.c.o
/usr/bin/cc    -o CMakeFiles/cmTryCompileExec2612142711.dir/CheckSymbolExists.c.o   -c /home/sebas/Documents/UCR/Estructuras/NAO/Proyecto/tests/combination/build-ff/CMakeFiles/CMakeTmp/CheckSymbolExists.c
Linking C executable cmTryCompileExec2612142711
/usr/bin/cmake -E cmake_link_script CMakeFiles/cmTryCompileExec2612142711.dir/link.txt --verbose=1
/usr/bin/cc       CMakeFiles/cmTryCompileExec2612142711.dir/CheckSymbolExists.c.o  -o cmTryCompileExec2612142711 -rdynamic 
CMakeFiles/cmTryCompileExec2612142711.dir/CheckSymbolExists.c.o: In function `main':
CheckSymbolExists.c:(.text+0x16): undefined reference to `pthread_create'
collect2: error: ld returned 1 exit status
make[1]: *** [cmTryCompileExec2612142711] Error 1
make[1]: Leaving directory `/home/sebas/Documents/UCR/Estructuras/NAO/Proyecto/tests/combination/build-ff/CMakeFiles/CMakeTmp'
make: *** [cmTryCompileExec2612142711/fast] Error 2

File /home/sebas/Documents/UCR/Estructuras/NAO/Proyecto/tests/combination/build-ff/CMakeFiles/CMakeTmp/CheckSymbolExists.c:
/* */
#include <pthread.h>

int main(int argc, char** argv)
{
  (void)argv;
#ifndef pthread_create
  return ((int*)(&pthread_create))[argc];
#else
  (void)argc;
  return 0;
#endif
}

Determining if the function pthread_create exists in the pthreads failed with the following output:
Change Dir: /home/sebas/Documents/UCR/Estructuras/NAO/Proyecto/tests/combination/build-ff/CMakeFiles/CMakeTmp

Run Build Command:/usr/bin/make "cmTryCompileExec494953231/fast"
/usr/bin/make -f CMakeFiles/cmTryCompileExec494953231.dir/build.make CMakeFiles/cmTryCompileExec494953231.dir/build
make[1]: Entering directory `/home/sebas/Documents/UCR/Estructuras/NAO/Proyecto/tests/combination/build-ff/CMakeFiles/CMakeTmp'
/usr/bin/cmake -E cmake_progress_report /home/sebas/Documents/UCR/Estructuras/NAO/Proyecto/tests/combination/build-ff/CMakeFiles/CMakeTmp/CMakeFiles 1
Building C object CMakeFiles/cmTryCompileExec494953231.dir/CheckFunctionExists.c.o
/usr/bin/cc   -DCHECK_FUNCTION_EXISTS=pthread_create   -o CMakeFiles/cmTryCompileExec494953231.dir/CheckFunctionExists.c.o   -c /usr/share/cmake-2.8/Modules/CheckFunctionExists.c
Linking C executable cmTryCompileExec494953231
/usr/bin/cmake -E cmake_link_script CMakeFiles/cmTryCompileExec494953231.dir/link.txt --verbose=1
/usr/bin/cc   -DCHECK_FUNCTION_EXISTS=pthread_create    CMakeFiles/cmTryCompileExec494953231.dir/CheckFunctionExists.c.o  -o cmTryCompileExec494953231 -rdynamic -lpthreads 
/usr/bin/ld: cannot find -lpthreads
collect2: error: ld returned 1 exit status
make[1]: *** [cmTryCompileExec494953231] Error 1
make[1]: Leaving directory `/home/sebas/Documents/UCR/Estructuras/NAO/Proyecto/tests/combination/build-ff/CMakeFiles/CMakeTmp'
make: *** [cmTryCompileExec494953231/fast] Error 2


Determining if the pthread_create exist failed with the following output:
Change Dir: /home/sebas/Documents/UCR/Estructuras/NAO/Proyecto/tests/combination/build-ff/CMakeFiles/CMakeTmp

Run Build Command:/usr/bin/make "cmTryCompileExec2930051195/fast"
/usr/bin/make -f CMakeFiles/cmTryCompileExec2930051195.dir/build.make CMakeFiles/cmTryCompileExec2930051195.dir/build
make[1]: Entering directory `/home/sebas/Documents/UCR/Estructuras/NAO/Proyecto/tests/combination/build-ff/CMakeFiles/CMakeTmp'
/usr/bin/cmake -E cmake_progress_report /home/sebas/Documents/UCR/Estructuras/NAO/Proyecto/tests/combination/build-ff/CMakeFiles/CMakeTmp/CMakeFiles 1
Building C object CMakeFiles/cmTryCompileExec2930051195.dir/CheckSymbolExists.c.o
/usr/bin/cc    -o CMakeFiles/cmTryCompileExec2930051195.dir/CheckSymbolExists.c.o   -c /home/sebas/Documents/UCR/Estructuras/NAO/Proyecto/tests/combination/build-ff/CMakeFiles/CMakeTmp/CheckSymbolExists.c
Linking C executable cmTryCompileExec2930051195
/usr/bin/cmake -E cmake_link_script CMakeFiles/cmTryCompileExec2930051195.dir/link.txt --verbose=1
/usr/bin/cc       CMakeFiles/cmTryCompileExec2930051195.dir/CheckSymbolExists.c.o  -o cmTryCompileExec2930051195 -rdynamic 
CMakeFiles/cmTryCompileExec2930051195.dir/CheckSymbolExists.c.o: In function `main':
CheckSymbolExists.c:(.text+0x16): undefined reference to `pthread_create'
collect2: error: ld returned 1 exit status
make[1]: *** [cmTryCompileExec2930051195] Error 1
make[1]: Leaving directory `/home/sebas/Documents/UCR/Estructuras/NAO/Proyecto/tests/combination/build-ff/CMakeFiles/CMakeTmp'
make: *** [cmTryCompileExec2930051195/fast] Error 2

File /home/sebas/Documents/UCR/Estructuras/NAO/Proyecto/tests/combination/build-ff/CMakeFiles/CMakeTmp/CheckSymbolExists.c:
/* */
#include <pthread.h>

int main(int argc, char** argv)
{
  (void)argv;
#ifndef pthread_create
  return ((int*)(&pthread_create))[argc];
#else
  (void)argc;
  return 0;
#endif
}

Determining if the function pthread_create exists in the pthreads failed with the following output:
Change Dir: /home/sebas/Documents/UCR/Estructuras/NAO/Proyecto/tests/combination/build-ff/CMakeFiles/CMakeTmp

Run Build Command:/usr/bin/make "cmTryCompileExec474207871/fast"
/usr/bin/make -f CMakeFiles/cmTryCompileExec474207871.dir/build.make CMakeFiles/cmTryCompileExec474207871.dir/build
make[1]: Entering directory `/home/sebas/Documents/UCR/Estructuras/NAO/Proyecto/tests/combination/build-ff/CMakeFiles/CMakeTmp'
/usr/bin/cmake -E cmake_progress_report /home/sebas/Documents/UCR/Estructuras/NAO/Proyecto/tests/combination/build-ff/CMakeFiles/CMakeTmp/CMakeFiles 1
Building C object CMakeFiles/cmTryCompileExec474207871.dir/CheckFunctionExists.c.o
/usr/bin/cc   -DCHECK_FUNCTION_EXISTS=pthread_create   -o CMakeFiles/cmTryCompileExec474207871.dir/CheckFunctionExists.c.o   -c /usr/share/cmake-2.8/Modules/CheckFunctionExists.c
Linking C executable cmTryCompileExec474207871
/usr/bin/cmake -E cmake_link_script CMakeFiles/cmTryCompileExec474207871.dir/link.txt --verbose=1
/usr/bin/cc   -DCHECK_FUNCTION_EXISTS=pthread_create    CMakeFiles/cmTryCompileExec474207871.dir/CheckFunctionExists.c.o  -o cmTryCompileExec474207871 -rdynamic -lpthreads 
/usr/bin/ld: cannot find -lpthreads
collect2: error: ld returned 1 exit status
make[1]: Leaving directory `/home/sebas/Documents/UCR/Estructuras/NAO/Proyecto/tests/combination/build-ff/CMakeFiles/CMakeTmp'
make[1]: *** [cmTryCompileExec474207871] Error 1
make: *** [cmTryCompileExec474207871/fast] Error 2


Determining if the pthread_create exist failed with the following output:
Change Dir: /home/sebas/Documents/UCR/Estructuras/NAO/Proyecto/tests/combination/build-ff/CMakeFiles/CMakeTmp

Run Build Command:/usr/bin/make "cmTryCompileExec2852948010/fast"
/usr/bin/make -f CMakeFiles/cmTryCompileExec2852948010.dir/build.make CMakeFiles/cmTryCompileExec2852948010.dir/build
make[1]: Entering directory `/home/sebas/Documents/UCR/Estructuras/NAO/Proyecto/tests/combination/build-ff/CMakeFiles/CMakeTmp'
/usr/bin/cmake -E cmake_progress_report /home/sebas/Documents/UCR/Estructuras/NAO/Proyecto/tests/combination/build-ff/CMakeFiles/CMakeTmp/CMakeFiles 1
Building C object CMakeFiles/cmTryCompileExec2852948010.dir/CheckSymbolExists.c.o
/usr/bin/cc    -o CMakeFiles/cmTryCompileExec2852948010.dir/CheckSymbolExists.c.o   -c /home/sebas/Documents/UCR/Estructuras/NAO/Proyecto/tests/combination/build-ff/CMakeFiles/CMakeTmp/CheckSymbolExists.c
Linking C executable cmTryCompileExec2852948010
/usr/bin/cmake -E cmake_link_script CMakeFiles/cmTryCompileExec2852948010.dir/link.txt --verbose=1
/usr/bin/cc       CMakeFiles/cmTryCompileExec2852948010.dir/CheckSymbolExists.c.o  -o cmTryCompileExec2852948010 -rdynamic 
CMakeFiles/cmTryCompileExec2852948010.dir/CheckSymbolExists.c.o: In function `main':
CheckSymbolExists.c:(.text+0x16): undefined reference to `pthread_create'
collect2: error: ld returned 1 exit status
make[1]: *** [cmTryCompileExec2852948010] Error 1
make[1]: Leaving directory `/home/sebas/Documents/UCR/Estructuras/NAO/Proyecto/tests/combination/build-ff/CMakeFiles/CMakeTmp'
make: *** [cmTryCompileExec2852948010/fast] Error 2

File /home/sebas/Documents/UCR/Estructuras/NAO/Proyecto/tests/combination/build-ff/CMakeFiles/CMakeTmp/CheckSymbolExists.c:
/* */
#include <pthread.h>

int main(int argc, char** argv)
{
  (void)argv;
#ifndef pthread_create
  return ((int*)(&pthread_create))[argc];
#else
  (void)argc;
  return 0;
#endif
}

Determining if the function pthread_create exists in the pthreads failed with the following output:
Change Dir: /home/sebas/Documents/UCR/Estructuras/NAO/Proyecto/tests/combination/build-ff/CMakeFiles/CMakeTmp

Run Build Command:/usr/bin/make "cmTryCompileExec1133055953/fast"
/usr/bin/make -f CMakeFiles/cmTryCompileExec1133055953.dir/build.make CMakeFiles/cmTryCompileExec1133055953.dir/build
make[1]: Entering directory `/home/sebas/Documents/UCR/Estructuras/NAO/Proyecto/tests/combination/build-ff/CMakeFiles/CMakeTmp'
/usr/bin/cmake -E cmake_progress_report /home/sebas/Documents/UCR/Estructuras/NAO/Proyecto/tests/combination/build-ff/CMakeFiles/CMakeTmp/CMakeFiles 1
Building C object CMakeFiles/cmTryCompileExec1133055953.dir/CheckFunctionExists.c.o
/usr/bin/cc   -DCHECK_FUNCTION_EXISTS=pthread_create   -o CMakeFiles/cmTryCompileExec1133055953.dir/CheckFunctionExists.c.o   -c /usr/share/cmake-2.8/Modules/CheckFunctionExists.c
Linking C executable cmTryCompileExec1133055953
/usr/bin/cmake -E cmake_link_script CMakeFiles/cmTryCompileExec1133055953.dir/link.txt --verbose=1
/usr/bin/cc   -DCHECK_FUNCTION_EXISTS=pthread_create    CMakeFiles/cmTryCompileExec1133055953.dir/CheckFunctionExists.c.o  -o cmTryCompileExec1133055953 -rdynamic -lpthreads 
/usr/bin/ld: cannot find -lpthreads
collect2: error: ld returned 1 exit status
make[1]: *** [cmTryCompileExec1133055953] Error 1
make[1]: Leaving directory `/home/sebas/Documents/UCR/Estructuras/NAO/Proyecto/tests/combination/build-ff/CMakeFiles/CMakeTmp'
make: *** [cmTryCompileExec1133055953/fast] Error 2


Determining if the pthread_create exist failed with the following output:
Change Dir: /home/sebas/Documents/UCR/Estructuras/NAO/Proyecto/tests/combination/build-ff/CMakeFiles/CMakeTmp

Run Build Command:/usr/bin/make "cmTryCompileExec2687896368/fast"
/usr/bin/make -f CMakeFiles/cmTryCompileExec2687896368.dir/build.make CMakeFiles/cmTryCompileExec2687896368.dir/build
make[1]: Entering directory `/home/sebas/Documents/UCR/Estructuras/NAO/Proyecto/tests/combination/build-ff/CMakeFiles/CMakeTmp'
/usr/bin/cmake -E cmake_progress_report /home/sebas/Documents/UCR/Estructuras/NAO/Proyecto/tests/combination/build-ff/CMakeFiles/CMakeTmp/CMakeFiles 1
Building C object CMakeFiles/cmTryCompileExec2687896368.dir/CheckSymbolExists.c.o
/usr/bin/cc    -o CMakeFiles/cmTryCompileExec2687896368.dir/CheckSymbolExists.c.o   -c /home/sebas/Documents/UCR/Estructuras/NAO/Proyecto/tests/combination/build-ff/CMakeFiles/CMakeTmp/CheckSymbolExists.c
Linking C executable cmTryCompileExec2687896368
/usr/bin/cmake -E cmake_link_script CMakeFiles/cmTryCompileExec2687896368.dir/link.txt --verbose=1
/usr/bin/cc       CMakeFiles/cmTryCompileExec2687896368.dir/CheckSymbolExists.c.o  -o cmTryCompileExec2687896368 -rdynamic 
CMakeFiles/cmTryCompileExec2687896368.dir/CheckSymbolExists.c.o: In function `main':
CheckSymbolExists.c:(.text+0x16): undefined reference to `pthread_create'
collect2: error: ld returned 1 exit status
make[1]: *** [cmTryCompileExec2687896368] Error 1
make[1]: Leaving directory `/home/sebas/Documents/UCR/Estructuras/NAO/Proyecto/tests/combination/build-ff/CMakeFiles/CMakeTmp'
make: *** [cmTryCompileExec2687896368/fast] Error 2

File /home/sebas/Documents/UCR/Estructuras/NAO/Proyecto/tests/combination/build-ff/CMakeFiles/CMakeTmp/CheckSymbolExists.c:
/* */
#include <pthread.h>

int main(int argc, char** argv)
{
  (void)argv;
#ifndef pthread_create
  return ((int*)(&pthread_create))[argc];
#else
  (void)argc;
  return 0;
#endif
}

Determining if the function pthread_create exists in the pthreads failed with the following output:
Change Dir: /home/sebas/Documents/UCR/Estructuras/NAO/Proyecto/tests/combination/build-ff/CMakeFiles/CMakeTmp

Run Build Command:/usr/bin/make "cmTryCompileExec3621106695/fast"
/usr/bin/make -f CMakeFiles/cmTryCompileExec3621106695.dir/build.make CMakeFiles/cmTryCompileExec3621106695.dir/build
make[1]: Entering directory `/home/sebas/Documents/UCR/Estructuras/NAO/Proyecto/tests/combination/build-ff/CMakeFiles/CMakeTmp'
/usr/bin/cmake -E cmake_progress_report /home/sebas/Documents/UCR/Estructuras/NAO/Proyecto/tests/combination/build-ff/CMakeFiles/CMakeTmp/CMakeFiles 1
Building C object CMakeFiles/cmTryCompileExec3621106695.dir/CheckFunctionExists.c.o
/usr/bin/cc   -DCHECK_FUNCTION_EXISTS=pthread_create   -o CMakeFiles/cmTryCompileExec3621106695.dir/CheckFunctionExists.c.o   -c /usr/share/cmake-2.8/Modules/CheckFunctionExists.c
Linking C executable cmTryCompileExec3621106695
/usr/bin/cmake -E cmake_link_script CMakeFiles/cmTryCompileExec3621106695.dir/link.txt --verbose=1
/usr/bin/cc   -DCHECK_FUNCTION_EXISTS=pthread_create    CMakeFiles/cmTryCompileExec3621106695.dir/CheckFunctionExists.c.o  -o cmTryCompileExec3621106695 -rdynamic -lpthreads 
/usr/bin/ld: cannot find -lpthreads
collect2: error: ld returned 1 exit status
make[1]: Leaving directory `/home/sebas/Documents/UCR/Estructuras/NAO/Proyecto/tests/combination/build-ff/CMakeFiles/CMakeTmp'
make[1]: *** [cmTryCompileExec3621106695] Error 1
make: *** [cmTryCompileExec3621106695/fast] Error 2


Determining if the pthread_create exist failed with the following output:
Change Dir: /home/sebas/Documents/UCR/Estructuras/NAO/Proyecto/tests/combination/build-ff/CMakeFiles/CMakeTmp

Run Build Command:/usr/bin/make "cmTryCompileExec1263277148/fast"
/usr/bin/make -f CMakeFiles/cmTryCompileExec1263277148.dir/build.make CMakeFiles/cmTryCompileExec1263277148.dir/build
make[1]: Entering directory `/home/sebas/Documents/UCR/Estructuras/NAO/Proyecto/tests/combination/build-ff/CMakeFiles/CMakeTmp'
/usr/bin/cmake -E cmake_progress_report /home/sebas/Documents/UCR/Estructuras/NAO/Proyecto/tests/combination/build-ff/CMakeFiles/CMakeTmp/CMakeFiles 1
Building C object CMakeFiles/cmTryCompileExec1263277148.dir/CheckSymbolExists.c.o
/usr/bin/cc    -o CMakeFiles/cmTryCompileExec1263277148.dir/CheckSymbolExists.c.o   -c /home/sebas/Documents/UCR/Estructuras/NAO/Proyecto/tests/combination/build-ff/CMakeFiles/CMakeTmp/CheckSymbolExists.c
Linking C executable cmTryCompileExec1263277148
/usr/bin/cmake -E cmake_link_script CMakeFiles/cmTryCompileExec1263277148.dir/link.txt --verbose=1
/usr/bin/cc       CMakeFiles/cmTryCompileExec1263277148.dir/CheckSymbolExists.c.o  -o cmTryCompileExec1263277148 -rdynamic 
CMakeFiles/cmTryCompileExec1263277148.dir/CheckSymbolExists.c.o: In function `main':
CheckSymbolExists.c:(.text+0x16): undefined reference to `pthread_create'
collect2: error: ld returned 1 exit status
make[1]: *** [cmTryCompileExec1263277148] Error 1
make[1]: Leaving directory `/home/sebas/Documents/UCR/Estructuras/NAO/Proyecto/tests/combination/build-ff/CMakeFiles/CMakeTmp'
make: *** [cmTryCompileExec1263277148/fast] Error 2

File /home/sebas/Documents/UCR/Estructuras/NAO/Proyecto/tests/combination/build-ff/CMakeFiles/CMakeTmp/CheckSymbolExists.c:
/* */
#include <pthread.h>

int main(int argc, char** argv)
{
  (void)argv;
#ifndef pthread_create
  return ((int*)(&pthread_create))[argc];
#else
  (void)argc;
  return 0;
#endif
}

Determining if the function pthread_create exists in the pthreads failed with the following output:
Change Dir: /home/sebas/Documents/UCR/Estructuras/NAO/Proyecto/tests/combination/build-ff/CMakeFiles/CMakeTmp

Run Build Command:/usr/bin/make "cmTryCompileExec19338926/fast"
/usr/bin/make -f CMakeFiles/cmTryCompileExec19338926.dir/build.make CMakeFiles/cmTryCompileExec19338926.dir/build
make[1]: Entering directory `/home/sebas/Documents/UCR/Estructuras/NAO/Proyecto/tests/combination/build-ff/CMakeFiles/CMakeTmp'
/usr/bin/cmake -E cmake_progress_report /home/sebas/Documents/UCR/Estructuras/NAO/Proyecto/tests/combination/build-ff/CMakeFiles/CMakeTmp/CMakeFiles 1
Building C object CMakeFiles/cmTryCompileExec19338926.dir/CheckFunctionExists.c.o
/usr/bin/cc   -DCHECK_FUNCTION_EXISTS=pthread_create   -o CMakeFiles/cmTryCompileExec19338926.dir/CheckFunctionExists.c.o   -c /usr/share/cmake-2.8/Modules/CheckFunctionExists.c
Linking C executable cmTryCompileExec19338926
/usr/bin/cmake -E cmake_link_script CMakeFiles/cmTryCompileExec19338926.dir/link.txt --verbose=1
/usr/bin/cc   -DCHECK_FUNCTION_EXISTS=pthread_create    CMakeFiles/cmTryCompileExec19338926.dir/CheckFunctionExists.c.o  -o cmTryCompileExec19338926 -rdynamic -lpthreads 
/usr/bin/ld: cannot find -lpthreads
collect2: error: ld returned 1 exit status
make[1]: *** [cmTryCompileExec19338926] Error 1
make[1]: Leaving directory `/home/sebas/Documents/UCR/Estructuras/NAO/Proyecto/tests/combination/build-ff/CMakeFiles/CMakeTmp'
make: *** [cmTryCompileExec19338926/fast] Error 2


Determining if the pthread_create exist failed with the following output:
Change Dir: /home/sebas/Documents/UCR/Estructuras/NAO/Proyecto/tests/combination/build-ff/CMakeFiles/CMakeTmp

Run Build Command:/usr/bin/make "cmTryCompileExec1906948240/fast"
/usr/bin/make -f CMakeFiles/cmTryCompileExec1906948240.dir/build.make CMakeFiles/cmTryCompileExec1906948240.dir/build
make[1]: Entering directory `/home/sebas/Documents/UCR/Estructuras/NAO/Proyecto/tests/combination/build-ff/CMakeFiles/CMakeTmp'
/usr/bin/cmake -E cmake_progress_report /home/sebas/Documents/UCR/Estructuras/NAO/Proyecto/tests/combination/build-ff/CMakeFiles/CMakeTmp/CMakeFiles 1
Building C object CMakeFiles/cmTryCompileExec1906948240.dir/CheckSymbolExists.c.o
/usr/bin/cc    -o CMakeFiles/cmTryCompileExec1906948240.dir/CheckSymbolExists.c.o   -c /home/sebas/Documents/UCR/Estructuras/NAO/Proyecto/tests/combination/build-ff/CMakeFiles/CMakeTmp/CheckSymbolExists.c
Linking C executable cmTryCompileExec1906948240
/usr/bin/cmake -E cmake_link_script CMakeFiles/cmTryCompileExec1906948240.dir/link.txt --verbose=1
/usr/bin/cc       CMakeFiles/cmTryCompileExec1906948240.dir/CheckSymbolExists.c.o  -o cmTryCompileExec1906948240 -rdynamic 
CMakeFiles/cmTryCompileExec1906948240.dir/CheckSymbolExists.c.o: In function `main':
CheckSymbolExists.c:(.text+0x16): undefined reference to `pthread_create'
collect2: error: ld returned 1 exit status
make[1]: Leaving directory `/home/sebas/Documents/UCR/Estructuras/NAO/Proyecto/tests/combination/build-ff/CMakeFiles/CMakeTmp'
make[1]: *** [cmTryCompileExec1906948240] Error 1
make: *** [cmTryCompileExec1906948240/fast] Error 2

File /home/sebas/Documents/UCR/Estructuras/NAO/Proyecto/tests/combination/build-ff/CMakeFiles/CMakeTmp/CheckSymbolExists.c:
/* */
#include <pthread.h>

int main(int argc, char** argv)
{
  (void)argv;
#ifndef pthread_create
  return ((int*)(&pthread_create))[argc];
#else
  (void)argc;
  return 0;
#endif
}

Determining if the function pthread_create exists in the pthreads failed with the following output:
Change Dir: /home/sebas/Documents/UCR/Estructuras/NAO/Proyecto/tests/combination/build-ff/CMakeFiles/CMakeTmp

Run Build Command:/usr/bin/make "cmTryCompileExec2923378010/fast"
/usr/bin/make -f CMakeFiles/cmTryCompileExec2923378010.dir/build.make CMakeFiles/cmTryCompileExec2923378010.dir/build
make[1]: Entering directory `/home/sebas/Documents/UCR/Estructuras/NAO/Proyecto/tests/combination/build-ff/CMakeFiles/CMakeTmp'
/usr/bin/cmake -E cmake_progress_report /home/sebas/Documents/UCR/Estructuras/NAO/Proyecto/tests/combination/build-ff/CMakeFiles/CMakeTmp/CMakeFiles 1
Building C object CMakeFiles/cmTryCompileExec2923378010.dir/CheckFunctionExists.c.o
/usr/bin/cc   -DCHECK_FUNCTION_EXISTS=pthread_create   -o CMakeFiles/cmTryCompileExec2923378010.dir/CheckFunctionExists.c.o   -c /usr/share/cmake-2.8/Modules/CheckFunctionExists.c
Linking C executable cmTryCompileExec2923378010
/usr/bin/cmake -E cmake_link_script CMakeFiles/cmTryCompileExec2923378010.dir/link.txt --verbose=1
/usr/bin/cc   -DCHECK_FUNCTION_EXISTS=pthread_create    CMakeFiles/cmTryCompileExec2923378010.dir/CheckFunctionExists.c.o  -o cmTryCompileExec2923378010 -rdynamic -lpthreads 
/usr/bin/ld: cannot find -lpthreads
collect2: error: ld returned 1 exit status
make[1]: *** [cmTryCompileExec2923378010] Error 1
make[1]: Leaving directory `/home/sebas/Documents/UCR/Estructuras/NAO/Proyecto/tests/combination/build-ff/CMakeFiles/CMakeTmp'
make: *** [cmTryCompileExec2923378010/fast] Error 2


Determining if the pthread_create exist failed with the following output:
Change Dir: /home/sebas/Documents/UCR/Estructuras/NAO/Proyecto/tests/combination/build-ff/CMakeFiles/CMakeTmp

Run Build Command:/usr/bin/make "cmTryCompileExec3722826815/fast"
/usr/bin/make -f CMakeFiles/cmTryCompileExec3722826815.dir/build.make CMakeFiles/cmTryCompileExec3722826815.dir/build
make[1]: Entering directory `/home/sebas/Documents/UCR/Estructuras/NAO/Proyecto/tests/combination/build-ff/CMakeFiles/CMakeTmp'
/usr/bin/cmake -E cmake_progress_report /home/sebas/Documents/UCR/Estructuras/NAO/Proyecto/tests/combination/build-ff/CMakeFiles/CMakeTmp/CMakeFiles 1
Building C object CMakeFiles/cmTryCompileExec3722826815.dir/CheckSymbolExists.c.o
/usr/bin/cc    -o CMakeFiles/cmTryCompileExec3722826815.dir/CheckSymbolExists.c.o   -c /home/sebas/Documents/UCR/Estructuras/NAO/Proyecto/tests/combination/build-ff/CMakeFiles/CMakeTmp/CheckSymbolExists.c
Linking C executable cmTryCompileExec3722826815
/usr/bin/cmake -E cmake_link_script CMakeFiles/cmTryCompileExec3722826815.dir/link.txt --verbose=1
/usr/bin/cc       CMakeFiles/cmTryCompileExec3722826815.dir/CheckSymbolExists.c.o  -o cmTryCompileExec3722826815 -rdynamic 
CMakeFiles/cmTryCompileExec3722826815.dir/CheckSymbolExists.c.o: In function `main':
CheckSymbolExists.c:(.text+0x16): undefined reference to `pthread_create'
collect2: error: ld returned 1 exit status
make[1]: *** [cmTryCompileExec3722826815] Error 1
make[1]: Leaving directory `/home/sebas/Documents/UCR/Estructuras/NAO/Proyecto/tests/combination/build-ff/CMakeFiles/CMakeTmp'
make: *** [cmTryCompileExec3722826815/fast] Error 2

File /home/sebas/Documents/UCR/Estructuras/NAO/Proyecto/tests/combination/build-ff/CMakeFiles/CMakeTmp/CheckSymbolExists.c:
/* */
#include <pthread.h>

int main(int argc, char** argv)
{
  (void)argv;
#ifndef pthread_create
  return ((int*)(&pthread_create))[argc];
#else
  (void)argc;
  return 0;
#endif
}

Determining if the function pthread_create exists in the pthreads failed with the following output:
Change Dir: /home/sebas/Documents/UCR/Estructuras/NAO/Proyecto/tests/combination/build-ff/CMakeFiles/CMakeTmp

Run Build Command:/usr/bin/make "cmTryCompileExec3827048765/fast"
/usr/bin/make -f CMakeFiles/cmTryCompileExec3827048765.dir/build.make CMakeFiles/cmTryCompileExec3827048765.dir/build
make[1]: Entering directory `/home/sebas/Documents/UCR/Estructuras/NAO/Proyecto/tests/combination/build-ff/CMakeFiles/CMakeTmp'
/usr/bin/cmake -E cmake_progress_report /home/sebas/Documents/UCR/Estructuras/NAO/Proyecto/tests/combination/build-ff/CMakeFiles/CMakeTmp/CMakeFiles 1
Building C object CMakeFiles/cmTryCompileExec3827048765.dir/CheckFunctionExists.c.o
/usr/bin/cc   -DCHECK_FUNCTION_EXISTS=pthread_create   -o CMakeFiles/cmTryCompileExec3827048765.dir/CheckFunctionExists.c.o   -c /usr/share/cmake-2.8/Modules/CheckFunctionExists.c
Linking C executable cmTryCompileExec3827048765
/usr/bin/cmake -E cmake_link_script CMakeFiles/cmTryCompileExec3827048765.dir/link.txt --verbose=1
/usr/bin/cc   -DCHECK_FUNCTION_EXISTS=pthread_create    CMakeFiles/cmTryCompileExec3827048765.dir/CheckFunctionExists.c.o  -o cmTryCompileExec3827048765 -rdynamic -lpthreads 
/usr/bin/ld: cannot find -lpthreads
collect2: error: ld returned 1 exit status
make[1]: *** [cmTryCompileExec3827048765] Error 1
make[1]: Leaving directory `/home/sebas/Documents/UCR/Estructuras/NAO/Proyecto/tests/combination/build-ff/CMakeFiles/CMakeTmp'
make: *** [cmTryCompileExec3827048765/fast] Error 2


Determining if the pthread_create exist failed with the following output:
Change Dir: /home/sebas/Documents/UCR/Estructuras/NAO/Proyecto/tests/combination/build-ff/CMakeFiles/CMakeTmp

Run Build Command:/usr/bin/make "cmTryCompileExec1669731242/fast"
/usr/bin/make -f CMakeFiles/cmTryCompileExec1669731242.dir/build.make CMakeFiles/cmTryCompileExec1669731242.dir/build
make[1]: Entering directory `/home/sebas/Documents/UCR/Estructuras/NAO/Proyecto/tests/combination/build-ff/CMakeFiles/CMakeTmp'
/usr/bin/cmake -E cmake_progress_report /home/sebas/Documents/UCR/Estructuras/NAO/Proyecto/tests/combination/build-ff/CMakeFiles/CMakeTmp/CMakeFiles 1
Building C object CMakeFiles/cmTryCompileExec1669731242.dir/CheckSymbolExists.c.o
/usr/bin/cc    -o CMakeFiles/cmTryCompileExec1669731242.dir/CheckSymbolExists.c.o   -c /home/sebas/Documents/UCR/Estructuras/NAO/Proyecto/tests/combination/build-ff/CMakeFiles/CMakeTmp/CheckSymbolExists.c
Linking C executable cmTryCompileExec1669731242
/usr/bin/cmake -E cmake_link_script CMakeFiles/cmTryCompileExec1669731242.dir/link.txt --verbose=1
/usr/bin/cc       CMakeFiles/cmTryCompileExec1669731242.dir/CheckSymbolExists.c.o  -o cmTryCompileExec1669731242 -rdynamic 
CMakeFiles/cmTryCompileExec1669731242.dir/CheckSymbolExists.c.o: In function `main':
CheckSymbolExists.c:(.text+0x16): undefined reference to `pthread_create'
collect2: error: ld returned 1 exit status
make[1]: *** [cmTryCompileExec1669731242] Error 1
make[1]: Leaving directory `/home/sebas/Documents/UCR/Estructuras/NAO/Proyecto/tests/combination/build-ff/CMakeFiles/CMakeTmp'
make: *** [cmTryCompileExec1669731242/fast] Error 2

File /home/sebas/Documents/UCR/Estructuras/NAO/Proyecto/tests/combination/build-ff/CMakeFiles/CMakeTmp/CheckSymbolExists.c:
/* */
#include <pthread.h>

int main(int argc, char** argv)
{
  (void)argv;
#ifndef pthread_create
  return ((int*)(&pthread_create))[argc];
#else
  (void)argc;
  return 0;
#endif
}

Determining if the function pthread_create exists in the pthreads failed with the following output:
Change Dir: /home/sebas/Documents/UCR/Estructuras/NAO/Proyecto/tests/combination/build-ff/CMakeFiles/CMakeTmp

Run Build Command:/usr/bin/make "cmTryCompileExec3158383965/fast"
/usr/bin/make -f CMakeFiles/cmTryCompileExec3158383965.dir/build.make CMakeFiles/cmTryCompileExec3158383965.dir/build
make[1]: Entering directory `/home/sebas/Documents/UCR/Estructuras/NAO/Proyecto/tests/combination/build-ff/CMakeFiles/CMakeTmp'
/usr/bin/cmake -E cmake_progress_report /home/sebas/Documents/UCR/Estructuras/NAO/Proyecto/tests/combination/build-ff/CMakeFiles/CMakeTmp/CMakeFiles 1
Building C object CMakeFiles/cmTryCompileExec3158383965.dir/CheckFunctionExists.c.o
/usr/bin/cc   -DCHECK_FUNCTION_EXISTS=pthread_create   -o CMakeFiles/cmTryCompileExec3158383965.dir/CheckFunctionExists.c.o   -c /usr/share/cmake-2.8/Modules/CheckFunctionExists.c
Linking C executable cmTryCompileExec3158383965
/usr/bin/cmake -E cmake_link_script CMakeFiles/cmTryCompileExec3158383965.dir/link.txt --verbose=1
/usr/bin/cc   -DCHECK_FUNCTION_EXISTS=pthread_create    CMakeFiles/cmTryCompileExec3158383965.dir/CheckFunctionExists.c.o  -o cmTryCompileExec3158383965 -rdynamic -lpthreads 
/usr/bin/ld: cannot find -lpthreads
collect2: error: ld returned 1 exit status
make[1]: *** [cmTryCompileExec3158383965] Error 1
make[1]: Leaving directory `/home/sebas/Documents/UCR/Estructuras/NAO/Proyecto/tests/combination/build-ff/CMakeFiles/CMakeTmp'
make: *** [cmTryCompileExec3158383965/fast] Error 2


