Determining if the pthread_create exist failed with the following output:
Change Dir: /home/sebas/Documents/UCR/Estructuras/NAO/Proyecto/events/build-ff/CMakeFiles/CMakeTmp

Run Build Command:/usr/bin/make "cmTryCompileExec1740821583/fast"
/usr/bin/make -f CMakeFiles/cmTryCompileExec1740821583.dir/build.make CMakeFiles/cmTryCompileExec1740821583.dir/build
make[1]: Entering directory `/home/sebas/Documents/UCR/Estructuras/NAO/Proyecto/events/build-ff/CMakeFiles/CMakeTmp'
/usr/bin/cmake -E cmake_progress_report /home/sebas/Documents/UCR/Estructuras/NAO/Proyecto/events/build-ff/CMakeFiles/CMakeTmp/CMakeFiles 1
Building C object CMakeFiles/cmTryCompileExec1740821583.dir/CheckSymbolExists.c.o
/usr/bin/cc    -o CMakeFiles/cmTryCompileExec1740821583.dir/CheckSymbolExists.c.o   -c /home/sebas/Documents/UCR/Estructuras/NAO/Proyecto/events/build-ff/CMakeFiles/CMakeTmp/CheckSymbolExists.c
Linking C executable cmTryCompileExec1740821583
/usr/bin/cmake -E cmake_link_script CMakeFiles/cmTryCompileExec1740821583.dir/link.txt --verbose=1
/usr/bin/cc       CMakeFiles/cmTryCompileExec1740821583.dir/CheckSymbolExists.c.o  -o cmTryCompileExec1740821583 -rdynamic 
CMakeFiles/cmTryCompileExec1740821583.dir/CheckSymbolExists.c.o: In function `main':
CheckSymbolExists.c:(.text+0x16): undefined reference to `pthread_create'
collect2: error: ld returned 1 exit status
make[1]: *** [cmTryCompileExec1740821583] Error 1
make[1]: Leaving directory `/home/sebas/Documents/UCR/Estructuras/NAO/Proyecto/events/build-ff/CMakeFiles/CMakeTmp'
make: *** [cmTryCompileExec1740821583/fast] Error 2

File /home/sebas/Documents/UCR/Estructuras/NAO/Proyecto/events/build-ff/CMakeFiles/CMakeTmp/CheckSymbolExists.c:
/* */
#include <pthread.h>

int main(int argc, char** argv)
{
  (void)argv;
#ifndef pthread_create
  return ((int*)(&pthread_create))[argc];
#else
  (void)argc;
  return 0;
#endif
}

Determining if the function pthread_create exists in the pthreads failed with the following output:
Change Dir: /home/sebas/Documents/UCR/Estructuras/NAO/Proyecto/events/build-ff/CMakeFiles/CMakeTmp

Run Build Command:/usr/bin/make "cmTryCompileExec3697574437/fast"
/usr/bin/make -f CMakeFiles/cmTryCompileExec3697574437.dir/build.make CMakeFiles/cmTryCompileExec3697574437.dir/build
make[1]: Entering directory `/home/sebas/Documents/UCR/Estructuras/NAO/Proyecto/events/build-ff/CMakeFiles/CMakeTmp'
/usr/bin/cmake -E cmake_progress_report /home/sebas/Documents/UCR/Estructuras/NAO/Proyecto/events/build-ff/CMakeFiles/CMakeTmp/CMakeFiles 1
Building C object CMakeFiles/cmTryCompileExec3697574437.dir/CheckFunctionExists.c.o
/usr/bin/cc   -DCHECK_FUNCTION_EXISTS=pthread_create   -o CMakeFiles/cmTryCompileExec3697574437.dir/CheckFunctionExists.c.o   -c /usr/share/cmake-2.8/Modules/CheckFunctionExists.c
Linking C executable cmTryCompileExec3697574437
/usr/bin/cmake -E cmake_link_script CMakeFiles/cmTryCompileExec3697574437.dir/link.txt --verbose=1
/usr/bin/cc   -DCHECK_FUNCTION_EXISTS=pthread_create    CMakeFiles/cmTryCompileExec3697574437.dir/CheckFunctionExists.c.o  -o cmTryCompileExec3697574437 -rdynamic -lpthreads 
/usr/bin/ld: cannot find -lpthreads
collect2: error: ld returned 1 exit status
make[1]: *** [cmTryCompileExec3697574437] Error 1
make[1]: Leaving directory `/home/sebas/Documents/UCR/Estructuras/NAO/Proyecto/events/build-ff/CMakeFiles/CMakeTmp'
make: *** [cmTryCompileExec3697574437/fast] Error 2


Determining if the pthread_create exist failed with the following output:
Change Dir: /home/sebas/Documents/UCR/Estructuras/NAO/Proyecto/tests/events/build-ff/CMakeFiles/CMakeTmp

Run Build Command:/usr/bin/make "cmTryCompileExec3662688601/fast"
/usr/bin/make -f CMakeFiles/cmTryCompileExec3662688601.dir/build.make CMakeFiles/cmTryCompileExec3662688601.dir/build
make[1]: Entering directory `/home/sebas/Documents/UCR/Estructuras/NAO/Proyecto/tests/events/build-ff/CMakeFiles/CMakeTmp'
/usr/bin/cmake -E cmake_progress_report /home/sebas/Documents/UCR/Estructuras/NAO/Proyecto/tests/events/build-ff/CMakeFiles/CMakeTmp/CMakeFiles 1
Building C object CMakeFiles/cmTryCompileExec3662688601.dir/CheckSymbolExists.c.o
/usr/bin/cc    -o CMakeFiles/cmTryCompileExec3662688601.dir/CheckSymbolExists.c.o   -c /home/sebas/Documents/UCR/Estructuras/NAO/Proyecto/tests/events/build-ff/CMakeFiles/CMakeTmp/CheckSymbolExists.c
Linking C executable cmTryCompileExec3662688601
/usr/bin/cmake -E cmake_link_script CMakeFiles/cmTryCompileExec3662688601.dir/link.txt --verbose=1
/usr/bin/cc       CMakeFiles/cmTryCompileExec3662688601.dir/CheckSymbolExists.c.o  -o cmTryCompileExec3662688601 -rdynamic 
CMakeFiles/cmTryCompileExec3662688601.dir/CheckSymbolExists.c.o: In function `main':
CheckSymbolExists.c:(.text+0x16): undefined reference to `pthread_create'
collect2: error: ld returned 1 exit status
make[1]: *** [cmTryCompileExec3662688601] Error 1
make[1]: Leaving directory `/home/sebas/Documents/UCR/Estructuras/NAO/Proyecto/tests/events/build-ff/CMakeFiles/CMakeTmp'
make: *** [cmTryCompileExec3662688601/fast] Error 2

File /home/sebas/Documents/UCR/Estructuras/NAO/Proyecto/tests/events/build-ff/CMakeFiles/CMakeTmp/CheckSymbolExists.c:
/* */
#include <pthread.h>

int main(int argc, char** argv)
{
  (void)argv;
#ifndef pthread_create
  return ((int*)(&pthread_create))[argc];
#else
  (void)argc;
  return 0;
#endif
}

Determining if the function pthread_create exists in the pthreads failed with the following output:
Change Dir: /home/sebas/Documents/UCR/Estructuras/NAO/Proyecto/tests/events/build-ff/CMakeFiles/CMakeTmp

Run Build Command:/usr/bin/make "cmTryCompileExec2509606570/fast"
/usr/bin/make -f CMakeFiles/cmTryCompileExec2509606570.dir/build.make CMakeFiles/cmTryCompileExec2509606570.dir/build
make[1]: Entering directory `/home/sebas/Documents/UCR/Estructuras/NAO/Proyecto/tests/events/build-ff/CMakeFiles/CMakeTmp'
/usr/bin/cmake -E cmake_progress_report /home/sebas/Documents/UCR/Estructuras/NAO/Proyecto/tests/events/build-ff/CMakeFiles/CMakeTmp/CMakeFiles 1
Building C object CMakeFiles/cmTryCompileExec2509606570.dir/CheckFunctionExists.c.o
/usr/bin/cc   -DCHECK_FUNCTION_EXISTS=pthread_create   -o CMakeFiles/cmTryCompileExec2509606570.dir/CheckFunctionExists.c.o   -c /usr/share/cmake-2.8/Modules/CheckFunctionExists.c
Linking C executable cmTryCompileExec2509606570
/usr/bin/cmake -E cmake_link_script CMakeFiles/cmTryCompileExec2509606570.dir/link.txt --verbose=1
/usr/bin/cc   -DCHECK_FUNCTION_EXISTS=pthread_create    CMakeFiles/cmTryCompileExec2509606570.dir/CheckFunctionExists.c.o  -o cmTryCompileExec2509606570 -rdynamic -lpthreads 
/usr/bin/ld: cannot find -lpthreads
collect2: error: ld returned 1 exit status
make[1]: *** [cmTryCompileExec2509606570] Error 1
make[1]: Leaving directory `/home/sebas/Documents/UCR/Estructuras/NAO/Proyecto/tests/events/build-ff/CMakeFiles/CMakeTmp'
make: *** [cmTryCompileExec2509606570/fast] Error 2


